[2024-01-17T18:40:49.040+0000] {processor.py:153} INFO - Started process (PID=60) to work on /home/airflow/.local/lib/python3.7/site-packages/airflow/example_dags/example_datasets.py
[2024-01-17T18:40:49.040+0000] {processor.py:743} INFO - Processing file /home/airflow/.local/lib/python3.7/site-packages/airflow/example_dags/example_datasets.py for tasks to queue
[2024-01-17T18:40:49.041+0000] {logging_mixin.py:137} INFO - [2024-01-17T18:40:49.041+0000] {dagbag.py:538} INFO - Filling up the DagBag from /home/airflow/.local/lib/python3.7/site-packages/airflow/example_dags/example_datasets.py
[2024-01-17T18:40:49.073+0000] {processor.py:753} INFO - DAG(s) dict_keys(['dataset_produces_1', 'dataset_produces_2', 'dataset_consumes_1_and_2', 'dataset_consumes_1_never_scheduled', 'dataset_consumes_1', 'dataset_consumes_unknown_never_scheduled']) retrieved from /home/airflow/.local/lib/python3.7/site-packages/airflow/example_dags/example_datasets.py
[2024-01-17T18:40:49.285+0000] {logging_mixin.py:137} INFO - [2024-01-17T18:40:49.284+0000] {manager.py:504} INFO - Created Permission View: can delete on DAG:dataset_produces_1
[2024-01-17T18:40:49.300+0000] {logging_mixin.py:137} INFO - [2024-01-17T18:40:49.299+0000] {manager.py:504} INFO - Created Permission View: can read on DAG:dataset_produces_1
[2024-01-17T18:40:49.311+0000] {logging_mixin.py:137} INFO - [2024-01-17T18:40:49.311+0000] {manager.py:504} INFO - Created Permission View: can edit on DAG:dataset_produces_1
[2024-01-17T18:40:49.348+0000] {logging_mixin.py:137} INFO - [2024-01-17T18:40:49.347+0000] {manager.py:504} INFO - Created Permission View: can delete on DAG:dataset_produces_2
[2024-01-17T18:40:49.358+0000] {logging_mixin.py:137} INFO - [2024-01-17T18:40:49.358+0000] {manager.py:504} INFO - Created Permission View: can read on DAG:dataset_produces_2
[2024-01-17T18:40:49.376+0000] {logging_mixin.py:137} INFO - [2024-01-17T18:40:49.375+0000] {manager.py:504} INFO - Created Permission View: can edit on DAG:dataset_produces_2
[2024-01-17T18:40:49.410+0000] {logging_mixin.py:137} INFO - [2024-01-17T18:40:49.410+0000] {manager.py:504} INFO - Created Permission View: can delete on DAG:dataset_consumes_1_and_2
[2024-01-17T18:40:49.423+0000] {logging_mixin.py:137} INFO - [2024-01-17T18:40:49.422+0000] {manager.py:504} INFO - Created Permission View: can read on DAG:dataset_consumes_1_and_2
[2024-01-17T18:40:49.432+0000] {logging_mixin.py:137} INFO - [2024-01-17T18:40:49.432+0000] {manager.py:504} INFO - Created Permission View: can edit on DAG:dataset_consumes_1_and_2
[2024-01-17T18:40:49.453+0000] {logging_mixin.py:137} INFO - [2024-01-17T18:40:49.453+0000] {manager.py:504} INFO - Created Permission View: can delete on DAG:dataset_consumes_1_never_scheduled
[2024-01-17T18:40:49.483+0000] {logging_mixin.py:137} INFO - [2024-01-17T18:40:49.482+0000] {manager.py:504} INFO - Created Permission View: can read on DAG:dataset_consumes_1_never_scheduled
[2024-01-17T18:40:49.499+0000] {logging_mixin.py:137} INFO - [2024-01-17T18:40:49.499+0000] {manager.py:504} INFO - Created Permission View: can edit on DAG:dataset_consumes_1_never_scheduled
[2024-01-17T18:40:49.557+0000] {logging_mixin.py:137} INFO - [2024-01-17T18:40:49.557+0000] {manager.py:504} INFO - Created Permission View: can delete on DAG:dataset_consumes_1
[2024-01-17T18:40:49.575+0000] {logging_mixin.py:137} INFO - [2024-01-17T18:40:49.575+0000] {manager.py:504} INFO - Created Permission View: can read on DAG:dataset_consumes_1
[2024-01-17T18:40:49.611+0000] {logging_mixin.py:137} INFO - [2024-01-17T18:40:49.611+0000] {manager.py:504} INFO - Created Permission View: can edit on DAG:dataset_consumes_1
[2024-01-17T18:40:49.645+0000] {logging_mixin.py:137} INFO - [2024-01-17T18:40:49.644+0000] {manager.py:504} INFO - Created Permission View: can delete on DAG:dataset_consumes_unknown_never_scheduled
[2024-01-17T18:40:49.671+0000] {logging_mixin.py:137} INFO - [2024-01-17T18:40:49.671+0000] {manager.py:504} INFO - Created Permission View: can read on DAG:dataset_consumes_unknown_never_scheduled
[2024-01-17T18:40:49.682+0000] {logging_mixin.py:137} INFO - [2024-01-17T18:40:49.681+0000] {manager.py:504} INFO - Created Permission View: can edit on DAG:dataset_consumes_unknown_never_scheduled
[2024-01-17T18:40:49.682+0000] {logging_mixin.py:137} INFO - [2024-01-17T18:40:49.682+0000] {dag.py:2690} INFO - Sync 6 DAGs
[2024-01-17T18:40:49.703+0000] {logging_mixin.py:137} INFO - [2024-01-17T18:40:49.703+0000] {dag.py:2711} INFO - Creating ORM DAG for dataset_consumes_1
[2024-01-17T18:40:49.704+0000] {logging_mixin.py:137} INFO - [2024-01-17T18:40:49.704+0000] {dag.py:2711} INFO - Creating ORM DAG for dataset_consumes_unknown_never_scheduled
[2024-01-17T18:40:49.704+0000] {logging_mixin.py:137} INFO - [2024-01-17T18:40:49.704+0000] {dag.py:2711} INFO - Creating ORM DAG for dataset_consumes_1_and_2
[2024-01-17T18:40:49.705+0000] {logging_mixin.py:137} INFO - [2024-01-17T18:40:49.705+0000] {dag.py:2711} INFO - Creating ORM DAG for dataset_produces_2
[2024-01-17T18:40:49.705+0000] {logging_mixin.py:137} INFO - [2024-01-17T18:40:49.705+0000] {dag.py:2711} INFO - Creating ORM DAG for dataset_produces_1
[2024-01-17T18:40:49.706+0000] {logging_mixin.py:137} INFO - [2024-01-17T18:40:49.706+0000] {dag.py:2711} INFO - Creating ORM DAG for dataset_consumes_1_never_scheduled
[2024-01-17T18:40:49.724+0000] {logging_mixin.py:137} INFO - [2024-01-17T18:40:49.724+0000] {dag.py:3441} INFO - Setting next_dagrun for dataset_consumes_1 to None, run_after=None
[2024-01-17T18:40:49.725+0000] {logging_mixin.py:137} INFO - [2024-01-17T18:40:49.725+0000] {dag.py:3441} INFO - Setting next_dagrun for dataset_consumes_1_and_2 to None, run_after=None
[2024-01-17T18:40:49.725+0000] {logging_mixin.py:137} INFO - [2024-01-17T18:40:49.725+0000] {dag.py:3441} INFO - Setting next_dagrun for dataset_consumes_1_never_scheduled to None, run_after=None
[2024-01-17T18:40:49.726+0000] {logging_mixin.py:137} INFO - [2024-01-17T18:40:49.726+0000] {dag.py:3441} INFO - Setting next_dagrun for dataset_consumes_unknown_never_scheduled to None, run_after=None
[2024-01-17T18:40:49.729+0000] {logging_mixin.py:137} INFO - [2024-01-17T18:40:49.729+0000] {dag.py:3441} INFO - Setting next_dagrun for dataset_produces_1 to 2024-01-16T00:00:00+00:00, run_after=2024-01-17T00:00:00+00:00
[2024-01-17T18:40:49.730+0000] {logging_mixin.py:137} INFO - [2024-01-17T18:40:49.730+0000] {dag.py:3441} INFO - Setting next_dagrun for dataset_produces_2 to None, run_after=None
[2024-01-17T18:40:49.799+0000] {processor.py:175} INFO - Processing /home/airflow/.local/lib/python3.7/site-packages/airflow/example_dags/example_datasets.py took 0.763 seconds
[2024-01-17T18:41:19.875+0000] {processor.py:153} INFO - Started process (PID=139) to work on /home/airflow/.local/lib/python3.7/site-packages/airflow/example_dags/example_datasets.py
[2024-01-17T18:41:19.876+0000] {processor.py:743} INFO - Processing file /home/airflow/.local/lib/python3.7/site-packages/airflow/example_dags/example_datasets.py for tasks to queue
[2024-01-17T18:41:19.876+0000] {logging_mixin.py:137} INFO - [2024-01-17T18:41:19.876+0000] {dagbag.py:538} INFO - Filling up the DagBag from /home/airflow/.local/lib/python3.7/site-packages/airflow/example_dags/example_datasets.py
[2024-01-17T18:41:19.886+0000] {processor.py:753} INFO - DAG(s) dict_keys(['dataset_consumes_1', 'dataset_produces_1', 'dataset_produces_2', 'dataset_consumes_1_never_scheduled', 'dataset_consumes_unknown_never_scheduled', 'dataset_consumes_1_and_2']) retrieved from /home/airflow/.local/lib/python3.7/site-packages/airflow/example_dags/example_datasets.py
[2024-01-17T18:41:19.911+0000] {logging_mixin.py:137} INFO - [2024-01-17T18:41:19.911+0000] {dag.py:2690} INFO - Sync 6 DAGs
[2024-01-17T18:41:19.927+0000] {logging_mixin.py:137} INFO - [2024-01-17T18:41:19.927+0000] {dag.py:3441} INFO - Setting next_dagrun for dataset_consumes_1 to None, run_after=None
[2024-01-17T18:41:19.930+0000] {logging_mixin.py:137} INFO - [2024-01-17T18:41:19.930+0000] {dag.py:3441} INFO - Setting next_dagrun for dataset_consumes_1_and_2 to None, run_after=None
[2024-01-17T18:41:19.931+0000] {logging_mixin.py:137} INFO - [2024-01-17T18:41:19.931+0000] {dag.py:3441} INFO - Setting next_dagrun for dataset_consumes_1_never_scheduled to None, run_after=None
[2024-01-17T18:41:19.931+0000] {logging_mixin.py:137} INFO - [2024-01-17T18:41:19.931+0000] {dag.py:3441} INFO - Setting next_dagrun for dataset_consumes_unknown_never_scheduled to None, run_after=None
[2024-01-17T18:41:19.933+0000] {logging_mixin.py:137} INFO - [2024-01-17T18:41:19.933+0000] {dag.py:3441} INFO - Setting next_dagrun for dataset_produces_1 to 2024-01-16T00:00:00+00:00, run_after=2024-01-17T00:00:00+00:00
[2024-01-17T18:41:19.934+0000] {logging_mixin.py:137} INFO - [2024-01-17T18:41:19.934+0000] {dag.py:3441} INFO - Setting next_dagrun for dataset_produces_2 to None, run_after=None
[2024-01-17T18:41:19.952+0000] {processor.py:175} INFO - Processing /home/airflow/.local/lib/python3.7/site-packages/airflow/example_dags/example_datasets.py took 0.080 seconds
