[2024-01-17T18:40:50.718+0000] {processor.py:153} INFO - Started process (PID=73) to work on /home/airflow/.local/lib/python3.7/site-packages/airflow/example_dags/example_subdag_operator.py
[2024-01-17T18:40:50.719+0000] {processor.py:743} INFO - Processing file /home/airflow/.local/lib/python3.7/site-packages/airflow/example_dags/example_subdag_operator.py for tasks to queue
[2024-01-17T18:40:50.720+0000] {logging_mixin.py:137} INFO - [2024-01-17T18:40:50.720+0000] {dagbag.py:538} INFO - Filling up the DagBag from /home/airflow/.local/lib/python3.7/site-packages/airflow/example_dags/example_subdag_operator.py
[2024-01-17T18:40:50.768+0000] {processor.py:753} INFO - DAG(s) dict_keys(['example_subdag_operator.section-1', 'example_subdag_operator.section-2', 'example_subdag_operator']) retrieved from /home/airflow/.local/lib/python3.7/site-packages/airflow/example_dags/example_subdag_operator.py
[2024-01-17T18:40:50.930+0000] {logging_mixin.py:137} INFO - [2024-01-17T18:40:50.930+0000] {manager.py:504} INFO - Created Permission View: can delete on DAG:example_subdag_operator
[2024-01-17T18:40:50.943+0000] {logging_mixin.py:137} INFO - [2024-01-17T18:40:50.943+0000] {manager.py:504} INFO - Created Permission View: can read on DAG:example_subdag_operator
[2024-01-17T18:40:50.954+0000] {logging_mixin.py:137} INFO - [2024-01-17T18:40:50.954+0000] {manager.py:504} INFO - Created Permission View: can edit on DAG:example_subdag_operator
[2024-01-17T18:40:50.954+0000] {logging_mixin.py:137} INFO - [2024-01-17T18:40:50.954+0000] {dag.py:2690} INFO - Sync 3 DAGs
[2024-01-17T18:40:50.974+0000] {logging_mixin.py:137} INFO - [2024-01-17T18:40:50.974+0000] {dag.py:2711} INFO - Creating ORM DAG for example_subdag_operator.section-2
[2024-01-17T18:40:50.975+0000] {logging_mixin.py:137} INFO - [2024-01-17T18:40:50.975+0000] {dag.py:2711} INFO - Creating ORM DAG for example_subdag_operator.section-1
[2024-01-17T18:40:50.976+0000] {logging_mixin.py:137} INFO - [2024-01-17T18:40:50.976+0000] {dag.py:2711} INFO - Creating ORM DAG for example_subdag_operator
[2024-01-17T18:40:50.992+0000] {logging_mixin.py:137} INFO - [2024-01-17T18:40:50.992+0000] {dag.py:3441} INFO - Setting next_dagrun for example_subdag_operator to 2022-01-01T00:00:00+00:00, run_after=2022-01-01T00:00:00+00:00
[2024-01-17T18:40:50.995+0000] {logging_mixin.py:137} INFO - [2024-01-17T18:40:50.994+0000] {dag.py:3441} INFO - Setting next_dagrun for example_subdag_operator.section-1 to None, run_after=None
[2024-01-17T18:40:50.995+0000] {logging_mixin.py:137} INFO - [2024-01-17T18:40:50.995+0000] {dag.py:3441} INFO - Setting next_dagrun for example_subdag_operator.section-2 to None, run_after=None
[2024-01-17T18:40:51.012+0000] {logging_mixin.py:137} INFO - [2024-01-17T18:40:51.012+0000] {dag.py:2690} INFO - Sync 2 DAGs
[2024-01-17T18:40:51.022+0000] {logging_mixin.py:137} INFO - [2024-01-17T18:40:51.021+0000] {dag.py:3441} INFO - Setting next_dagrun for example_subdag_operator.section-1 to None, run_after=None
[2024-01-17T18:40:51.026+0000] {logging_mixin.py:137} INFO - [2024-01-17T18:40:51.025+0000] {dag.py:3441} INFO - Setting next_dagrun for example_subdag_operator.section-2 to None, run_after=None
[2024-01-17T18:40:51.044+0000] {processor.py:175} INFO - Processing /home/airflow/.local/lib/python3.7/site-packages/airflow/example_dags/example_subdag_operator.py took 0.329 seconds
[2024-01-17T18:41:21.167+0000] {processor.py:153} INFO - Started process (PID=144) to work on /home/airflow/.local/lib/python3.7/site-packages/airflow/example_dags/example_subdag_operator.py
[2024-01-17T18:41:21.168+0000] {processor.py:743} INFO - Processing file /home/airflow/.local/lib/python3.7/site-packages/airflow/example_dags/example_subdag_operator.py for tasks to queue
[2024-01-17T18:41:21.168+0000] {logging_mixin.py:137} INFO - [2024-01-17T18:41:21.168+0000] {dagbag.py:538} INFO - Filling up the DagBag from /home/airflow/.local/lib/python3.7/site-packages/airflow/example_dags/example_subdag_operator.py
[2024-01-17T18:41:21.187+0000] {processor.py:753} INFO - DAG(s) dict_keys(['example_subdag_operator.section-1', 'example_subdag_operator.section-2', 'example_subdag_operator']) retrieved from /home/airflow/.local/lib/python3.7/site-packages/airflow/example_dags/example_subdag_operator.py
[2024-01-17T18:41:21.197+0000] {logging_mixin.py:137} INFO - [2024-01-17T18:41:21.197+0000] {dag.py:2690} INFO - Sync 3 DAGs
[2024-01-17T18:41:21.212+0000] {logging_mixin.py:137} INFO - [2024-01-17T18:41:21.212+0000] {dag.py:3441} INFO - Setting next_dagrun for example_subdag_operator to 2022-01-01T00:00:00+00:00, run_after=2022-01-01T00:00:00+00:00
[2024-01-17T18:41:21.214+0000] {logging_mixin.py:137} INFO - [2024-01-17T18:41:21.214+0000] {dag.py:3441} INFO - Setting next_dagrun for example_subdag_operator.section-1 to None, run_after=None
[2024-01-17T18:41:21.215+0000] {logging_mixin.py:137} INFO - [2024-01-17T18:41:21.215+0000] {dag.py:3441} INFO - Setting next_dagrun for example_subdag_operator.section-2 to None, run_after=None
[2024-01-17T18:41:21.221+0000] {logging_mixin.py:137} INFO - [2024-01-17T18:41:21.221+0000] {dag.py:2690} INFO - Sync 2 DAGs
[2024-01-17T18:41:21.224+0000] {logging_mixin.py:137} INFO - [2024-01-17T18:41:21.224+0000] {dag.py:3441} INFO - Setting next_dagrun for example_subdag_operator.section-1 to None, run_after=None
[2024-01-17T18:41:21.225+0000] {logging_mixin.py:137} INFO - [2024-01-17T18:41:21.225+0000] {dag.py:3441} INFO - Setting next_dagrun for example_subdag_operator.section-2 to None, run_after=None
[2024-01-17T18:41:21.233+0000] {processor.py:175} INFO - Processing /home/airflow/.local/lib/python3.7/site-packages/airflow/example_dags/example_subdag_operator.py took 0.068 seconds
