[2024-01-17T18:40:50.249+0000] {processor.py:153} INFO - Started process (PID=65) to work on /home/airflow/.local/lib/python3.7/site-packages/airflow/example_dags/example_complex.py
[2024-01-17T18:40:50.250+0000] {processor.py:743} INFO - Processing file /home/airflow/.local/lib/python3.7/site-packages/airflow/example_dags/example_complex.py for tasks to queue
[2024-01-17T18:40:50.251+0000] {logging_mixin.py:137} INFO - [2024-01-17T18:40:50.251+0000] {dagbag.py:538} INFO - Filling up the DagBag from /home/airflow/.local/lib/python3.7/site-packages/airflow/example_dags/example_complex.py
[2024-01-17T18:40:50.294+0000] {logging_mixin.py:137} INFO - [2024-01-17T18:40:50.294+0000] {taskmixin.py:205} WARNING - Dependency <Task(BashOperator): create_entry_group>, delete_entry_group already registered for DAG: example_complex
[2024-01-17T18:40:50.295+0000] {logging_mixin.py:137} INFO - [2024-01-17T18:40:50.295+0000] {taskmixin.py:205} WARNING - Dependency <Task(BashOperator): delete_entry_group>, create_entry_group already registered for DAG: example_complex
[2024-01-17T18:40:50.295+0000] {logging_mixin.py:137} INFO - [2024-01-17T18:40:50.295+0000] {taskmixin.py:205} WARNING - Dependency <Task(BashOperator): create_entry_gcs>, delete_entry already registered for DAG: example_complex
[2024-01-17T18:40:50.295+0000] {logging_mixin.py:137} INFO - [2024-01-17T18:40:50.295+0000] {taskmixin.py:205} WARNING - Dependency <Task(BashOperator): delete_entry>, create_entry_gcs already registered for DAG: example_complex
[2024-01-17T18:40:50.296+0000] {logging_mixin.py:137} INFO - [2024-01-17T18:40:50.296+0000] {taskmixin.py:205} WARNING - Dependency <Task(BashOperator): create_tag>, delete_tag already registered for DAG: example_complex
[2024-01-17T18:40:50.296+0000] {logging_mixin.py:137} INFO - [2024-01-17T18:40:50.296+0000] {taskmixin.py:205} WARNING - Dependency <Task(BashOperator): delete_tag>, create_tag already registered for DAG: example_complex
[2024-01-17T18:40:50.310+0000] {processor.py:753} INFO - DAG(s) dict_keys(['example_complex']) retrieved from /home/airflow/.local/lib/python3.7/site-packages/airflow/example_dags/example_complex.py
[2024-01-17T18:40:50.514+0000] {logging_mixin.py:137} INFO - [2024-01-17T18:40:50.514+0000] {manager.py:504} INFO - Created Permission View: can delete on DAG:example_complex
[2024-01-17T18:40:50.530+0000] {logging_mixin.py:137} INFO - [2024-01-17T18:40:50.530+0000] {manager.py:504} INFO - Created Permission View: can read on DAG:example_complex
[2024-01-17T18:40:50.545+0000] {logging_mixin.py:137} INFO - [2024-01-17T18:40:50.544+0000] {manager.py:504} INFO - Created Permission View: can edit on DAG:example_complex
[2024-01-17T18:40:50.550+0000] {logging_mixin.py:137} INFO - [2024-01-17T18:40:50.545+0000] {dag.py:2690} INFO - Sync 1 DAGs
[2024-01-17T18:40:50.586+0000] {logging_mixin.py:137} INFO - [2024-01-17T18:40:50.586+0000] {dag.py:2711} INFO - Creating ORM DAG for example_complex
[2024-01-17T18:40:50.623+0000] {logging_mixin.py:137} INFO - [2024-01-17T18:40:50.623+0000] {dag.py:3441} INFO - Setting next_dagrun for example_complex to None, run_after=None
[2024-01-17T18:40:50.688+0000] {processor.py:175} INFO - Processing /home/airflow/.local/lib/python3.7/site-packages/airflow/example_dags/example_complex.py took 0.460 seconds
[2024-01-17T18:41:21.093+0000] {processor.py:153} INFO - Started process (PID=143) to work on /home/airflow/.local/lib/python3.7/site-packages/airflow/example_dags/example_complex.py
[2024-01-17T18:41:21.094+0000] {processor.py:743} INFO - Processing file /home/airflow/.local/lib/python3.7/site-packages/airflow/example_dags/example_complex.py for tasks to queue
[2024-01-17T18:41:21.094+0000] {logging_mixin.py:137} INFO - [2024-01-17T18:41:21.094+0000] {dagbag.py:538} INFO - Filling up the DagBag from /home/airflow/.local/lib/python3.7/site-packages/airflow/example_dags/example_complex.py
[2024-01-17T18:41:21.101+0000] {logging_mixin.py:137} INFO - [2024-01-17T18:41:21.101+0000] {taskmixin.py:205} WARNING - Dependency <Task(BashOperator): create_entry_group>, delete_entry_group already registered for DAG: example_complex
[2024-01-17T18:41:21.101+0000] {logging_mixin.py:137} INFO - [2024-01-17T18:41:21.101+0000] {taskmixin.py:205} WARNING - Dependency <Task(BashOperator): delete_entry_group>, create_entry_group already registered for DAG: example_complex
[2024-01-17T18:41:21.101+0000] {logging_mixin.py:137} INFO - [2024-01-17T18:41:21.101+0000] {taskmixin.py:205} WARNING - Dependency <Task(BashOperator): create_entry_gcs>, delete_entry already registered for DAG: example_complex
[2024-01-17T18:41:21.101+0000] {logging_mixin.py:137} INFO - [2024-01-17T18:41:21.101+0000] {taskmixin.py:205} WARNING - Dependency <Task(BashOperator): delete_entry>, create_entry_gcs already registered for DAG: example_complex
[2024-01-17T18:41:21.102+0000] {logging_mixin.py:137} INFO - [2024-01-17T18:41:21.101+0000] {taskmixin.py:205} WARNING - Dependency <Task(BashOperator): create_tag>, delete_tag already registered for DAG: example_complex
[2024-01-17T18:41:21.102+0000] {logging_mixin.py:137} INFO - [2024-01-17T18:41:21.102+0000] {taskmixin.py:205} WARNING - Dependency <Task(BashOperator): delete_tag>, create_tag already registered for DAG: example_complex
[2024-01-17T18:41:21.107+0000] {processor.py:753} INFO - DAG(s) dict_keys(['example_complex']) retrieved from /home/airflow/.local/lib/python3.7/site-packages/airflow/example_dags/example_complex.py
[2024-01-17T18:41:21.126+0000] {logging_mixin.py:137} INFO - [2024-01-17T18:41:21.126+0000] {dag.py:2690} INFO - Sync 1 DAGs
[2024-01-17T18:41:21.140+0000] {logging_mixin.py:137} INFO - [2024-01-17T18:41:21.140+0000] {dag.py:3441} INFO - Setting next_dagrun for example_complex to None, run_after=None
[2024-01-17T18:41:21.153+0000] {processor.py:175} INFO - Processing /home/airflow/.local/lib/python3.7/site-packages/airflow/example_dags/example_complex.py took 0.062 seconds
