[2024-01-17T18:40:52.669+0000] {processor.py:153} INFO - Started process (PID=86) to work on /home/airflow/.local/lib/python3.7/site-packages/airflow/example_dags/example_dag_decorator.py
[2024-01-17T18:40:52.670+0000] {processor.py:743} INFO - Processing file /home/airflow/.local/lib/python3.7/site-packages/airflow/example_dags/example_dag_decorator.py for tasks to queue
[2024-01-17T18:40:52.670+0000] {logging_mixin.py:137} INFO - [2024-01-17T18:40:52.670+0000] {dagbag.py:538} INFO - Filling up the DagBag from /home/airflow/.local/lib/python3.7/site-packages/airflow/example_dags/example_dag_decorator.py
[2024-01-17T18:40:52.686+0000] {logging_mixin.py:137} INFO - [2024-01-17T18:40:52.686+0000] {taskmixin.py:205} WARNING - Dependency <Task(_PythonDecoratedOperator): prepare_email>, send_email already registered for DAG: example_dag_decorator
[2024-01-17T18:40:52.686+0000] {logging_mixin.py:137} INFO - [2024-01-17T18:40:52.686+0000] {taskmixin.py:205} WARNING - Dependency <Task(EmailOperator): send_email>, prepare_email already registered for DAG: example_dag_decorator
[2024-01-17T18:40:52.700+0000] {processor.py:753} INFO - DAG(s) dict_keys(['example_dag_decorator']) retrieved from /home/airflow/.local/lib/python3.7/site-packages/airflow/example_dags/example_dag_decorator.py
[2024-01-17T18:40:52.795+0000] {logging_mixin.py:137} INFO - [2024-01-17T18:40:52.795+0000] {manager.py:504} INFO - Created Permission View: can delete on DAG:example_dag_decorator
[2024-01-17T18:40:52.802+0000] {logging_mixin.py:137} INFO - [2024-01-17T18:40:52.802+0000] {manager.py:504} INFO - Created Permission View: can read on DAG:example_dag_decorator
[2024-01-17T18:40:52.807+0000] {logging_mixin.py:137} INFO - [2024-01-17T18:40:52.807+0000] {manager.py:504} INFO - Created Permission View: can edit on DAG:example_dag_decorator
[2024-01-17T18:40:52.808+0000] {logging_mixin.py:137} INFO - [2024-01-17T18:40:52.807+0000] {dag.py:2690} INFO - Sync 1 DAGs
[2024-01-17T18:40:52.817+0000] {logging_mixin.py:137} INFO - [2024-01-17T18:40:52.817+0000] {dag.py:2711} INFO - Creating ORM DAG for example_dag_decorator
[2024-01-17T18:40:52.826+0000] {logging_mixin.py:137} INFO - [2024-01-17T18:40:52.826+0000] {dag.py:3441} INFO - Setting next_dagrun for example_dag_decorator to None, run_after=None
[2024-01-17T18:40:52.839+0000] {processor.py:175} INFO - Processing /home/airflow/.local/lib/python3.7/site-packages/airflow/example_dags/example_dag_decorator.py took 0.172 seconds
[2024-01-17T18:41:23.806+0000] {processor.py:153} INFO - Started process (PID=157) to work on /home/airflow/.local/lib/python3.7/site-packages/airflow/example_dags/example_dag_decorator.py
[2024-01-17T18:41:23.806+0000] {processor.py:743} INFO - Processing file /home/airflow/.local/lib/python3.7/site-packages/airflow/example_dags/example_dag_decorator.py for tasks to queue
[2024-01-17T18:41:23.807+0000] {logging_mixin.py:137} INFO - [2024-01-17T18:41:23.807+0000] {dagbag.py:538} INFO - Filling up the DagBag from /home/airflow/.local/lib/python3.7/site-packages/airflow/example_dags/example_dag_decorator.py
[2024-01-17T18:41:23.818+0000] {logging_mixin.py:137} INFO - [2024-01-17T18:41:23.818+0000] {taskmixin.py:205} WARNING - Dependency <Task(_PythonDecoratedOperator): prepare_email>, send_email already registered for DAG: example_dag_decorator
[2024-01-17T18:41:23.818+0000] {logging_mixin.py:137} INFO - [2024-01-17T18:41:23.818+0000] {taskmixin.py:205} WARNING - Dependency <Task(EmailOperator): send_email>, prepare_email already registered for DAG: example_dag_decorator
[2024-01-17T18:41:23.826+0000] {processor.py:753} INFO - DAG(s) dict_keys(['example_dag_decorator']) retrieved from /home/airflow/.local/lib/python3.7/site-packages/airflow/example_dags/example_dag_decorator.py
[2024-01-17T18:41:23.867+0000] {logging_mixin.py:137} INFO - [2024-01-17T18:41:23.867+0000] {dag.py:2690} INFO - Sync 1 DAGs
[2024-01-17T18:41:23.882+0000] {logging_mixin.py:137} INFO - [2024-01-17T18:41:23.882+0000] {dag.py:3441} INFO - Setting next_dagrun for example_dag_decorator to None, run_after=None
[2024-01-17T18:41:23.894+0000] {processor.py:175} INFO - Processing /home/airflow/.local/lib/python3.7/site-packages/airflow/example_dags/example_dag_decorator.py took 0.092 seconds
