[2024-01-17T18:40:52.281+0000] {processor.py:153} INFO - Started process (PID=82) to work on /home/airflow/.local/lib/python3.7/site-packages/airflow/example_dags/example_python_operator.py
[2024-01-17T18:40:52.282+0000] {processor.py:743} INFO - Processing file /home/airflow/.local/lib/python3.7/site-packages/airflow/example_dags/example_python_operator.py for tasks to queue
[2024-01-17T18:40:52.282+0000] {logging_mixin.py:137} INFO - [2024-01-17T18:40:52.282+0000] {dagbag.py:538} INFO - Filling up the DagBag from /home/airflow/.local/lib/python3.7/site-packages/airflow/example_dags/example_python_operator.py
[2024-01-17T18:40:52.303+0000] {logging_mixin.py:137} INFO - [2024-01-17T18:40:52.303+0000] {taskmixin.py:205} WARNING - Dependency <Task(_PythonDecoratedOperator): print_the_context>, log_sql_query already registered for DAG: example_python_operator
[2024-01-17T18:40:52.303+0000] {logging_mixin.py:137} INFO - [2024-01-17T18:40:52.303+0000] {taskmixin.py:205} WARNING - Dependency <Task(_PythonDecoratedOperator): log_sql_query>, print_the_context already registered for DAG: example_python_operator
[2024-01-17T18:40:52.303+0000] {logging_mixin.py:137} INFO - [2024-01-17T18:40:52.303+0000] {taskmixin.py:205} WARNING - Dependency <Task(_PythonDecoratedOperator): print_the_context>, log_sql_query already registered for DAG: example_python_operator
[2024-01-17T18:40:52.304+0000] {logging_mixin.py:137} INFO - [2024-01-17T18:40:52.304+0000] {taskmixin.py:205} WARNING - Dependency <Task(_PythonDecoratedOperator): log_sql_query>, print_the_context already registered for DAG: example_python_operator
[2024-01-17T18:40:52.304+0000] {logging_mixin.py:137} INFO - [2024-01-17T18:40:52.304+0000] {taskmixin.py:205} WARNING - Dependency <Task(_PythonDecoratedOperator): print_the_context>, log_sql_query already registered for DAG: example_python_operator
[2024-01-17T18:40:52.304+0000] {logging_mixin.py:137} INFO - [2024-01-17T18:40:52.304+0000] {taskmixin.py:205} WARNING - Dependency <Task(_PythonDecoratedOperator): log_sql_query>, print_the_context already registered for DAG: example_python_operator
[2024-01-17T18:40:52.305+0000] {logging_mixin.py:137} INFO - [2024-01-17T18:40:52.305+0000] {taskmixin.py:205} WARNING - Dependency <Task(_PythonDecoratedOperator): print_the_context>, log_sql_query already registered for DAG: example_python_operator
[2024-01-17T18:40:52.305+0000] {logging_mixin.py:137} INFO - [2024-01-17T18:40:52.305+0000] {taskmixin.py:205} WARNING - Dependency <Task(_PythonDecoratedOperator): log_sql_query>, print_the_context already registered for DAG: example_python_operator
[2024-01-17T18:40:52.310+0000] {processor.py:753} INFO - DAG(s) dict_keys(['example_python_operator']) retrieved from /home/airflow/.local/lib/python3.7/site-packages/airflow/example_dags/example_python_operator.py
[2024-01-17T18:40:52.405+0000] {logging_mixin.py:137} INFO - [2024-01-17T18:40:52.404+0000] {manager.py:504} INFO - Created Permission View: can delete on DAG:example_python_operator
[2024-01-17T18:40:52.415+0000] {logging_mixin.py:137} INFO - [2024-01-17T18:40:52.415+0000] {manager.py:504} INFO - Created Permission View: can read on DAG:example_python_operator
[2024-01-17T18:40:52.422+0000] {logging_mixin.py:137} INFO - [2024-01-17T18:40:52.422+0000] {manager.py:504} INFO - Created Permission View: can edit on DAG:example_python_operator
[2024-01-17T18:40:52.422+0000] {logging_mixin.py:137} INFO - [2024-01-17T18:40:52.422+0000] {dag.py:2690} INFO - Sync 1 DAGs
[2024-01-17T18:40:52.433+0000] {logging_mixin.py:137} INFO - [2024-01-17T18:40:52.433+0000] {dag.py:2711} INFO - Creating ORM DAG for example_python_operator
[2024-01-17T18:40:52.447+0000] {logging_mixin.py:137} INFO - [2024-01-17T18:40:52.447+0000] {dag.py:3441} INFO - Setting next_dagrun for example_python_operator to None, run_after=None
[2024-01-17T18:40:52.467+0000] {processor.py:175} INFO - Processing /home/airflow/.local/lib/python3.7/site-packages/airflow/example_dags/example_python_operator.py took 0.189 seconds
[2024-01-17T18:41:22.562+0000] {processor.py:153} INFO - Started process (PID=153) to work on /home/airflow/.local/lib/python3.7/site-packages/airflow/example_dags/example_python_operator.py
[2024-01-17T18:41:22.562+0000] {processor.py:743} INFO - Processing file /home/airflow/.local/lib/python3.7/site-packages/airflow/example_dags/example_python_operator.py for tasks to queue
[2024-01-17T18:41:22.563+0000] {logging_mixin.py:137} INFO - [2024-01-17T18:41:22.562+0000] {dagbag.py:538} INFO - Filling up the DagBag from /home/airflow/.local/lib/python3.7/site-packages/airflow/example_dags/example_python_operator.py
[2024-01-17T18:41:22.573+0000] {logging_mixin.py:137} INFO - [2024-01-17T18:41:22.573+0000] {taskmixin.py:205} WARNING - Dependency <Task(_PythonDecoratedOperator): print_the_context>, log_sql_query already registered for DAG: example_python_operator
[2024-01-17T18:41:22.573+0000] {logging_mixin.py:137} INFO - [2024-01-17T18:41:22.573+0000] {taskmixin.py:205} WARNING - Dependency <Task(_PythonDecoratedOperator): log_sql_query>, print_the_context already registered for DAG: example_python_operator
[2024-01-17T18:41:22.573+0000] {logging_mixin.py:137} INFO - [2024-01-17T18:41:22.573+0000] {taskmixin.py:205} WARNING - Dependency <Task(_PythonDecoratedOperator): print_the_context>, log_sql_query already registered for DAG: example_python_operator
[2024-01-17T18:41:22.574+0000] {logging_mixin.py:137} INFO - [2024-01-17T18:41:22.574+0000] {taskmixin.py:205} WARNING - Dependency <Task(_PythonDecoratedOperator): log_sql_query>, print_the_context already registered for DAG: example_python_operator
[2024-01-17T18:41:22.574+0000] {logging_mixin.py:137} INFO - [2024-01-17T18:41:22.574+0000] {taskmixin.py:205} WARNING - Dependency <Task(_PythonDecoratedOperator): print_the_context>, log_sql_query already registered for DAG: example_python_operator
[2024-01-17T18:41:22.574+0000] {logging_mixin.py:137} INFO - [2024-01-17T18:41:22.574+0000] {taskmixin.py:205} WARNING - Dependency <Task(_PythonDecoratedOperator): log_sql_query>, print_the_context already registered for DAG: example_python_operator
[2024-01-17T18:41:22.574+0000] {logging_mixin.py:137} INFO - [2024-01-17T18:41:22.574+0000] {taskmixin.py:205} WARNING - Dependency <Task(_PythonDecoratedOperator): print_the_context>, log_sql_query already registered for DAG: example_python_operator
[2024-01-17T18:41:22.574+0000] {logging_mixin.py:137} INFO - [2024-01-17T18:41:22.574+0000] {taskmixin.py:205} WARNING - Dependency <Task(_PythonDecoratedOperator): log_sql_query>, print_the_context already registered for DAG: example_python_operator
[2024-01-17T18:41:22.579+0000] {processor.py:753} INFO - DAG(s) dict_keys(['example_python_operator']) retrieved from /home/airflow/.local/lib/python3.7/site-packages/airflow/example_dags/example_python_operator.py
[2024-01-17T18:41:22.595+0000] {logging_mixin.py:137} INFO - [2024-01-17T18:41:22.595+0000] {dag.py:2690} INFO - Sync 1 DAGs
[2024-01-17T18:41:22.610+0000] {logging_mixin.py:137} INFO - [2024-01-17T18:41:22.610+0000] {dag.py:3441} INFO - Setting next_dagrun for example_python_operator to None, run_after=None
[2024-01-17T18:41:22.622+0000] {processor.py:175} INFO - Processing /home/airflow/.local/lib/python3.7/site-packages/airflow/example_dags/example_python_operator.py took 0.062 seconds
