[2024-01-17T18:40:47.720+0000] {processor.py:153} INFO - Started process (PID=43) to work on /home/airflow/.local/lib/python3.7/site-packages/airflow/example_dags/example_branch_datetime_operator.py
[2024-01-17T18:40:47.721+0000] {processor.py:743} INFO - Processing file /home/airflow/.local/lib/python3.7/site-packages/airflow/example_dags/example_branch_datetime_operator.py for tasks to queue
[2024-01-17T18:40:47.721+0000] {logging_mixin.py:137} INFO - [2024-01-17T18:40:47.721+0000] {dagbag.py:538} INFO - Filling up the DagBag from /home/airflow/.local/lib/python3.7/site-packages/airflow/example_dags/example_branch_datetime_operator.py
[2024-01-17T18:40:47.736+0000] {processor.py:753} INFO - DAG(s) dict_keys(['example_branch_datetime_operator', 'example_branch_datetime_operator_3', 'example_branch_datetime_operator_2']) retrieved from /home/airflow/.local/lib/python3.7/site-packages/airflow/example_dags/example_branch_datetime_operator.py
[2024-01-17T18:40:47.890+0000] {logging_mixin.py:137} INFO - [2024-01-17T18:40:47.889+0000] {manager.py:504} INFO - Created Permission View: can delete on DAG:example_branch_datetime_operator
[2024-01-17T18:40:47.904+0000] {logging_mixin.py:137} INFO - [2024-01-17T18:40:47.903+0000] {manager.py:504} INFO - Created Permission View: can read on DAG:example_branch_datetime_operator
[2024-01-17T18:40:47.914+0000] {logging_mixin.py:137} INFO - [2024-01-17T18:40:47.914+0000] {manager.py:504} INFO - Created Permission View: can edit on DAG:example_branch_datetime_operator
[2024-01-17T18:40:47.934+0000] {logging_mixin.py:137} INFO - [2024-01-17T18:40:47.933+0000] {manager.py:504} INFO - Created Permission View: can delete on DAG:example_branch_datetime_operator_3
[2024-01-17T18:40:47.941+0000] {logging_mixin.py:137} INFO - [2024-01-17T18:40:47.941+0000] {manager.py:504} INFO - Created Permission View: can read on DAG:example_branch_datetime_operator_3
[2024-01-17T18:40:47.948+0000] {logging_mixin.py:137} INFO - [2024-01-17T18:40:47.948+0000] {manager.py:504} INFO - Created Permission View: can edit on DAG:example_branch_datetime_operator_3
[2024-01-17T18:40:47.964+0000] {logging_mixin.py:137} INFO - [2024-01-17T18:40:47.964+0000] {manager.py:504} INFO - Created Permission View: can delete on DAG:example_branch_datetime_operator_2
[2024-01-17T18:40:47.973+0000] {logging_mixin.py:137} INFO - [2024-01-17T18:40:47.973+0000] {manager.py:504} INFO - Created Permission View: can read on DAG:example_branch_datetime_operator_2
[2024-01-17T18:40:47.980+0000] {logging_mixin.py:137} INFO - [2024-01-17T18:40:47.979+0000] {manager.py:504} INFO - Created Permission View: can edit on DAG:example_branch_datetime_operator_2
[2024-01-17T18:40:47.980+0000] {logging_mixin.py:137} INFO - [2024-01-17T18:40:47.980+0000] {dag.py:2690} INFO - Sync 3 DAGs
[2024-01-17T18:40:47.999+0000] {logging_mixin.py:137} INFO - [2024-01-17T18:40:47.998+0000] {dag.py:2711} INFO - Creating ORM DAG for example_branch_datetime_operator
[2024-01-17T18:40:47.999+0000] {logging_mixin.py:137} INFO - [2024-01-17T18:40:47.999+0000] {dag.py:2711} INFO - Creating ORM DAG for example_branch_datetime_operator_3
[2024-01-17T18:40:48.000+0000] {logging_mixin.py:137} INFO - [2024-01-17T18:40:48.000+0000] {dag.py:2711} INFO - Creating ORM DAG for example_branch_datetime_operator_2
[2024-01-17T18:40:48.017+0000] {logging_mixin.py:137} INFO - [2024-01-17T18:40:48.017+0000] {dag.py:3441} INFO - Setting next_dagrun for example_branch_datetime_operator to 2024-01-16T00:00:00+00:00, run_after=2024-01-17T00:00:00+00:00
[2024-01-17T18:40:48.020+0000] {logging_mixin.py:137} INFO - [2024-01-17T18:40:48.020+0000] {dag.py:3441} INFO - Setting next_dagrun for example_branch_datetime_operator_2 to 2024-01-16T00:00:00+00:00, run_after=2024-01-17T00:00:00+00:00
[2024-01-17T18:40:48.023+0000] {logging_mixin.py:137} INFO - [2024-01-17T18:40:48.023+0000] {dag.py:3441} INFO - Setting next_dagrun for example_branch_datetime_operator_3 to 2024-01-16T00:00:00+00:00, run_after=2024-01-17T00:00:00+00:00
[2024-01-17T18:40:48.046+0000] {processor.py:175} INFO - Processing /home/airflow/.local/lib/python3.7/site-packages/airflow/example_dags/example_branch_datetime_operator.py took 0.328 seconds
[2024-01-17T18:41:18.412+0000] {processor.py:153} INFO - Started process (PID=130) to work on /home/airflow/.local/lib/python3.7/site-packages/airflow/example_dags/example_branch_datetime_operator.py
[2024-01-17T18:41:18.413+0000] {processor.py:743} INFO - Processing file /home/airflow/.local/lib/python3.7/site-packages/airflow/example_dags/example_branch_datetime_operator.py for tasks to queue
[2024-01-17T18:41:18.413+0000] {logging_mixin.py:137} INFO - [2024-01-17T18:41:18.413+0000] {dagbag.py:538} INFO - Filling up the DagBag from /home/airflow/.local/lib/python3.7/site-packages/airflow/example_dags/example_branch_datetime_operator.py
[2024-01-17T18:41:18.427+0000] {processor.py:753} INFO - DAG(s) dict_keys(['example_branch_datetime_operator_3', 'example_branch_datetime_operator', 'example_branch_datetime_operator_2']) retrieved from /home/airflow/.local/lib/python3.7/site-packages/airflow/example_dags/example_branch_datetime_operator.py
[2024-01-17T18:41:18.450+0000] {logging_mixin.py:137} INFO - [2024-01-17T18:41:18.449+0000] {dag.py:2690} INFO - Sync 3 DAGs
[2024-01-17T18:41:18.472+0000] {logging_mixin.py:137} INFO - [2024-01-17T18:41:18.471+0000] {dag.py:3441} INFO - Setting next_dagrun for example_branch_datetime_operator to 2024-01-16T00:00:00+00:00, run_after=2024-01-17T00:00:00+00:00
[2024-01-17T18:41:18.475+0000] {logging_mixin.py:137} INFO - [2024-01-17T18:41:18.475+0000] {dag.py:3441} INFO - Setting next_dagrun for example_branch_datetime_operator_2 to 2024-01-16T00:00:00+00:00, run_after=2024-01-17T00:00:00+00:00
[2024-01-17T18:41:18.477+0000] {logging_mixin.py:137} INFO - [2024-01-17T18:41:18.477+0000] {dag.py:3441} INFO - Setting next_dagrun for example_branch_datetime_operator_3 to 2024-01-16T00:00:00+00:00, run_after=2024-01-17T00:00:00+00:00
[2024-01-17T18:41:18.493+0000] {processor.py:175} INFO - Processing /home/airflow/.local/lib/python3.7/site-packages/airflow/example_dags/example_branch_datetime_operator.py took 0.083 seconds
