[2024-01-17T18:40:51.767+0000] {processor.py:153} INFO - Started process (PID=79) to work on /home/airflow/.local/lib/python3.7/site-packages/airflow/example_dags/example_external_task_marker_dag.py
[2024-01-17T18:40:51.768+0000] {processor.py:743} INFO - Processing file /home/airflow/.local/lib/python3.7/site-packages/airflow/example_dags/example_external_task_marker_dag.py for tasks to queue
[2024-01-17T18:40:51.768+0000] {logging_mixin.py:137} INFO - [2024-01-17T18:40:51.768+0000] {dagbag.py:538} INFO - Filling up the DagBag from /home/airflow/.local/lib/python3.7/site-packages/airflow/example_dags/example_external_task_marker_dag.py
[2024-01-17T18:40:51.784+0000] {processor.py:753} INFO - DAG(s) dict_keys(['example_external_task_marker_parent', 'example_external_task_marker_child']) retrieved from /home/airflow/.local/lib/python3.7/site-packages/airflow/example_dags/example_external_task_marker_dag.py
[2024-01-17T18:40:51.916+0000] {logging_mixin.py:137} INFO - [2024-01-17T18:40:51.916+0000] {manager.py:504} INFO - Created Permission View: can delete on DAG:example_external_task_marker_parent
[2024-01-17T18:40:51.930+0000] {logging_mixin.py:137} INFO - [2024-01-17T18:40:51.930+0000] {manager.py:504} INFO - Created Permission View: can read on DAG:example_external_task_marker_parent
[2024-01-17T18:40:51.941+0000] {logging_mixin.py:137} INFO - [2024-01-17T18:40:51.941+0000] {manager.py:504} INFO - Created Permission View: can edit on DAG:example_external_task_marker_parent
[2024-01-17T18:40:51.964+0000] {logging_mixin.py:137} INFO - [2024-01-17T18:40:51.964+0000] {manager.py:504} INFO - Created Permission View: can delete on DAG:example_external_task_marker_child
[2024-01-17T18:40:51.974+0000] {logging_mixin.py:137} INFO - [2024-01-17T18:40:51.973+0000] {manager.py:504} INFO - Created Permission View: can read on DAG:example_external_task_marker_child
[2024-01-17T18:40:51.982+0000] {logging_mixin.py:137} INFO - [2024-01-17T18:40:51.982+0000] {manager.py:504} INFO - Created Permission View: can edit on DAG:example_external_task_marker_child
[2024-01-17T18:40:51.983+0000] {logging_mixin.py:137} INFO - [2024-01-17T18:40:51.983+0000] {dag.py:2690} INFO - Sync 2 DAGs
[2024-01-17T18:40:51.995+0000] {logging_mixin.py:137} INFO - [2024-01-17T18:40:51.995+0000] {dag.py:2711} INFO - Creating ORM DAG for example_external_task_marker_parent
[2024-01-17T18:40:51.996+0000] {logging_mixin.py:137} INFO - [2024-01-17T18:40:51.996+0000] {dag.py:2711} INFO - Creating ORM DAG for example_external_task_marker_child
[2024-01-17T18:40:52.015+0000] {logging_mixin.py:137} INFO - [2024-01-17T18:40:52.015+0000] {dag.py:3441} INFO - Setting next_dagrun for example_external_task_marker_child to None, run_after=None
[2024-01-17T18:40:52.016+0000] {logging_mixin.py:137} INFO - [2024-01-17T18:40:52.016+0000] {dag.py:3441} INFO - Setting next_dagrun for example_external_task_marker_parent to None, run_after=None
[2024-01-17T18:40:52.039+0000] {processor.py:175} INFO - Processing /home/airflow/.local/lib/python3.7/site-packages/airflow/example_dags/example_external_task_marker_dag.py took 0.275 seconds
[2024-01-17T18:41:22.416+0000] {processor.py:153} INFO - Started process (PID=150) to work on /home/airflow/.local/lib/python3.7/site-packages/airflow/example_dags/example_external_task_marker_dag.py
[2024-01-17T18:41:22.417+0000] {processor.py:743} INFO - Processing file /home/airflow/.local/lib/python3.7/site-packages/airflow/example_dags/example_external_task_marker_dag.py for tasks to queue
[2024-01-17T18:41:22.417+0000] {logging_mixin.py:137} INFO - [2024-01-17T18:41:22.417+0000] {dagbag.py:538} INFO - Filling up the DagBag from /home/airflow/.local/lib/python3.7/site-packages/airflow/example_dags/example_external_task_marker_dag.py
[2024-01-17T18:41:22.425+0000] {processor.py:753} INFO - DAG(s) dict_keys(['example_external_task_marker_child', 'example_external_task_marker_parent']) retrieved from /home/airflow/.local/lib/python3.7/site-packages/airflow/example_dags/example_external_task_marker_dag.py
[2024-01-17T18:41:22.442+0000] {logging_mixin.py:137} INFO - [2024-01-17T18:41:22.442+0000] {dag.py:2690} INFO - Sync 2 DAGs
[2024-01-17T18:41:22.458+0000] {logging_mixin.py:137} INFO - [2024-01-17T18:41:22.457+0000] {dag.py:3441} INFO - Setting next_dagrun for example_external_task_marker_child to None, run_after=None
[2024-01-17T18:41:22.460+0000] {logging_mixin.py:137} INFO - [2024-01-17T18:41:22.460+0000] {dag.py:3441} INFO - Setting next_dagrun for example_external_task_marker_parent to None, run_after=None
[2024-01-17T18:41:22.470+0000] {processor.py:175} INFO - Processing /home/airflow/.local/lib/python3.7/site-packages/airflow/example_dags/example_external_task_marker_dag.py took 0.055 seconds
