[2024-01-17T18:40:51.080+0000] {processor.py:153} INFO - Started process (PID=74) to work on /home/airflow/.local/lib/python3.7/site-packages/airflow/example_dags/example_xcomargs.py
[2024-01-17T18:40:51.081+0000] {processor.py:743} INFO - Processing file /home/airflow/.local/lib/python3.7/site-packages/airflow/example_dags/example_xcomargs.py for tasks to queue
[2024-01-17T18:40:51.083+0000] {logging_mixin.py:137} INFO - [2024-01-17T18:40:51.083+0000] {dagbag.py:538} INFO - Filling up the DagBag from /home/airflow/.local/lib/python3.7/site-packages/airflow/example_dags/example_xcomargs.py
[2024-01-17T18:40:51.135+0000] {processor.py:753} INFO - DAG(s) dict_keys(['example_xcom_args', 'example_xcom_args_with_operators']) retrieved from /home/airflow/.local/lib/python3.7/site-packages/airflow/example_dags/example_xcomargs.py
[2024-01-17T18:40:51.340+0000] {logging_mixin.py:137} INFO - [2024-01-17T18:40:51.339+0000] {manager.py:504} INFO - Created Permission View: can delete on DAG:example_xcom_args
[2024-01-17T18:40:51.352+0000] {logging_mixin.py:137} INFO - [2024-01-17T18:40:51.352+0000] {manager.py:504} INFO - Created Permission View: can read on DAG:example_xcom_args
[2024-01-17T18:40:51.362+0000] {logging_mixin.py:137} INFO - [2024-01-17T18:40:51.362+0000] {manager.py:504} INFO - Created Permission View: can edit on DAG:example_xcom_args
[2024-01-17T18:40:51.382+0000] {logging_mixin.py:137} INFO - [2024-01-17T18:40:51.382+0000] {manager.py:504} INFO - Created Permission View: can delete on DAG:example_xcom_args_with_operators
[2024-01-17T18:40:51.391+0000] {logging_mixin.py:137} INFO - [2024-01-17T18:40:51.390+0000] {manager.py:504} INFO - Created Permission View: can read on DAG:example_xcom_args_with_operators
[2024-01-17T18:40:51.403+0000] {logging_mixin.py:137} INFO - [2024-01-17T18:40:51.403+0000] {manager.py:504} INFO - Created Permission View: can edit on DAG:example_xcom_args_with_operators
[2024-01-17T18:40:51.404+0000] {logging_mixin.py:137} INFO - [2024-01-17T18:40:51.403+0000] {dag.py:2690} INFO - Sync 2 DAGs
[2024-01-17T18:40:51.433+0000] {logging_mixin.py:137} INFO - [2024-01-17T18:40:51.433+0000] {dag.py:2711} INFO - Creating ORM DAG for example_xcom_args
[2024-01-17T18:40:51.434+0000] {logging_mixin.py:137} INFO - [2024-01-17T18:40:51.434+0000] {dag.py:2711} INFO - Creating ORM DAG for example_xcom_args_with_operators
[2024-01-17T18:40:51.451+0000] {logging_mixin.py:137} INFO - [2024-01-17T18:40:51.451+0000] {dag.py:3441} INFO - Setting next_dagrun for example_xcom_args to None, run_after=None
[2024-01-17T18:40:51.452+0000] {logging_mixin.py:137} INFO - [2024-01-17T18:40:51.452+0000] {dag.py:3441} INFO - Setting next_dagrun for example_xcom_args_with_operators to None, run_after=None
[2024-01-17T18:40:51.484+0000] {processor.py:175} INFO - Processing /home/airflow/.local/lib/python3.7/site-packages/airflow/example_dags/example_xcomargs.py took 0.411 seconds
[2024-01-17T18:41:22.186+0000] {processor.py:153} INFO - Started process (PID=145) to work on /home/airflow/.local/lib/python3.7/site-packages/airflow/example_dags/example_xcomargs.py
[2024-01-17T18:41:22.193+0000] {processor.py:743} INFO - Processing file /home/airflow/.local/lib/python3.7/site-packages/airflow/example_dags/example_xcomargs.py for tasks to queue
[2024-01-17T18:41:22.194+0000] {logging_mixin.py:137} INFO - [2024-01-17T18:41:22.194+0000] {dagbag.py:538} INFO - Filling up the DagBag from /home/airflow/.local/lib/python3.7/site-packages/airflow/example_dags/example_xcomargs.py
[2024-01-17T18:41:22.213+0000] {processor.py:753} INFO - DAG(s) dict_keys(['example_xcom_args', 'example_xcom_args_with_operators']) retrieved from /home/airflow/.local/lib/python3.7/site-packages/airflow/example_dags/example_xcomargs.py
[2024-01-17T18:41:22.233+0000] {logging_mixin.py:137} INFO - [2024-01-17T18:41:22.233+0000] {dag.py:2690} INFO - Sync 2 DAGs
[2024-01-17T18:41:22.249+0000] {logging_mixin.py:137} INFO - [2024-01-17T18:41:22.249+0000] {dag.py:3441} INFO - Setting next_dagrun for example_xcom_args to None, run_after=None
[2024-01-17T18:41:22.251+0000] {logging_mixin.py:137} INFO - [2024-01-17T18:41:22.251+0000] {dag.py:3441} INFO - Setting next_dagrun for example_xcom_args_with_operators to None, run_after=None
[2024-01-17T18:41:22.261+0000] {processor.py:175} INFO - Processing /home/airflow/.local/lib/python3.7/site-packages/airflow/example_dags/example_xcomargs.py took 0.079 seconds
