[2024-01-17T19:47:58.778+0000] {processor.py:153} INFO - Started process (PID=37) to work on /opt/airflow/dags/primeiradag.py
[2024-01-17T19:47:58.779+0000] {processor.py:743} INFO - Processing file /opt/airflow/dags/primeiradag.py for tasks to queue
[2024-01-17T19:47:58.780+0000] {logging_mixin.py:137} INFO - [2024-01-17T19:47:58.780+0000] {dagbag.py:538} INFO - Filling up the DagBag from /opt/airflow/dags/primeiradag.py
[2024-01-17T19:47:58.789+0000] {logging_mixin.py:137} INFO - [2024-01-17T19:47:58.788+0000] {dagbag.py:343} ERROR - Failed to import: /opt/airflow/dags/primeiradag.py
Traceback (most recent call last):
  File "/home/airflow/.local/lib/python3.7/site-packages/airflow/models/dagbag.py", line 339, in parse
    loader.exec_module(new_module)
  File "<frozen importlib._bootstrap_external>", line 728, in exec_module
  File "<frozen importlib._bootstrap>", line 219, in _call_with_frames_removed
  File "/opt/airflow/dags/primeiradag.py", line 7, in <module>
    schedule_interval=None, start_date=datetime(2024,17,1),
ValueError: month must be in 1..12
[2024-01-17T19:47:58.790+0000] {processor.py:755} WARNING - No viable dags retrieved from /opt/airflow/dags/primeiradag.py
[2024-01-17T19:47:58.805+0000] {processor.py:175} INFO - Processing /opt/airflow/dags/primeiradag.py took 0.029 seconds
[2024-01-17T19:48:03.825+0000] {processor.py:153} INFO - Started process (PID=54) to work on /opt/airflow/dags/primeiradag.py
[2024-01-17T19:48:03.826+0000] {processor.py:743} INFO - Processing file /opt/airflow/dags/primeiradag.py for tasks to queue
[2024-01-17T19:48:03.826+0000] {logging_mixin.py:137} INFO - [2024-01-17T19:48:03.826+0000] {dagbag.py:538} INFO - Filling up the DagBag from /opt/airflow/dags/primeiradag.py
[2024-01-17T19:48:03.829+0000] {logging_mixin.py:137} INFO - [2024-01-17T19:48:03.829+0000] {dagbag.py:343} ERROR - Failed to import: /opt/airflow/dags/primeiradag.py
Traceback (most recent call last):
  File "/home/airflow/.local/lib/python3.7/site-packages/airflow/models/dagbag.py", line 339, in parse
    loader.exec_module(new_module)
  File "<frozen importlib._bootstrap_external>", line 728, in exec_module
  File "<frozen importlib._bootstrap>", line 219, in _call_with_frames_removed
  File "/opt/airflow/dags/primeiradag.py", line 7, in <module>
    schedule_interval=None, start_date=datetime(2024,17,1),
ValueError: month must be in 1..12
[2024-01-17T19:48:03.829+0000] {processor.py:755} WARNING - No viable dags retrieved from /opt/airflow/dags/primeiradag.py
[2024-01-17T19:48:03.844+0000] {processor.py:175} INFO - Processing /opt/airflow/dags/primeiradag.py took 0.021 seconds
[2024-01-17T19:48:08.863+0000] {processor.py:153} INFO - Started process (PID=55) to work on /opt/airflow/dags/primeiradag.py
[2024-01-17T19:48:08.864+0000] {processor.py:743} INFO - Processing file /opt/airflow/dags/primeiradag.py for tasks to queue
[2024-01-17T19:48:08.864+0000] {logging_mixin.py:137} INFO - [2024-01-17T19:48:08.864+0000] {dagbag.py:538} INFO - Filling up the DagBag from /opt/airflow/dags/primeiradag.py
[2024-01-17T19:48:08.868+0000] {logging_mixin.py:137} INFO - [2024-01-17T19:48:08.867+0000] {dagbag.py:343} ERROR - Failed to import: /opt/airflow/dags/primeiradag.py
Traceback (most recent call last):
  File "/home/airflow/.local/lib/python3.7/site-packages/airflow/models/dagbag.py", line 339, in parse
    loader.exec_module(new_module)
  File "<frozen importlib._bootstrap_external>", line 728, in exec_module
  File "<frozen importlib._bootstrap>", line 219, in _call_with_frames_removed
  File "/opt/airflow/dags/primeiradag.py", line 7, in <module>
    schedule_interval=None, start_date=datetime(2024,17,1),
ValueError: month must be in 1..12
[2024-01-17T19:48:08.868+0000] {processor.py:755} WARNING - No viable dags retrieved from /opt/airflow/dags/primeiradag.py
[2024-01-17T19:48:08.883+0000] {processor.py:175} INFO - Processing /opt/airflow/dags/primeiradag.py took 0.022 seconds
[2024-01-17T19:48:13.928+0000] {processor.py:153} INFO - Started process (PID=72) to work on /opt/airflow/dags/primeiradag.py
[2024-01-17T19:48:13.929+0000] {processor.py:743} INFO - Processing file /opt/airflow/dags/primeiradag.py for tasks to queue
[2024-01-17T19:48:13.930+0000] {logging_mixin.py:137} INFO - [2024-01-17T19:48:13.929+0000] {dagbag.py:538} INFO - Filling up the DagBag from /opt/airflow/dags/primeiradag.py
[2024-01-17T19:48:13.934+0000] {logging_mixin.py:137} INFO - [2024-01-17T19:48:13.933+0000] {dagbag.py:343} ERROR - Failed to import: /opt/airflow/dags/primeiradag.py
Traceback (most recent call last):
  File "/home/airflow/.local/lib/python3.7/site-packages/airflow/models/dagbag.py", line 339, in parse
    loader.exec_module(new_module)
  File "<frozen importlib._bootstrap_external>", line 728, in exec_module
  File "<frozen importlib._bootstrap>", line 219, in _call_with_frames_removed
  File "/opt/airflow/dags/primeiradag.py", line 7, in <module>
    schedule_interval=None, start_date=datetime(2024,17,1),
ValueError: month must be in 1..12
[2024-01-17T19:48:13.936+0000] {processor.py:755} WARNING - No viable dags retrieved from /opt/airflow/dags/primeiradag.py
[2024-01-17T19:48:13.957+0000] {processor.py:175} INFO - Processing /opt/airflow/dags/primeiradag.py took 0.032 seconds
[2024-01-17T19:48:18.995+0000] {processor.py:153} INFO - Started process (PID=73) to work on /opt/airflow/dags/primeiradag.py
[2024-01-17T19:48:18.995+0000] {processor.py:743} INFO - Processing file /opt/airflow/dags/primeiradag.py for tasks to queue
[2024-01-17T19:48:18.996+0000] {logging_mixin.py:137} INFO - [2024-01-17T19:48:18.995+0000] {dagbag.py:538} INFO - Filling up the DagBag from /opt/airflow/dags/primeiradag.py
[2024-01-17T19:48:19.000+0000] {logging_mixin.py:137} INFO - [2024-01-17T19:48:18.999+0000] {dagbag.py:343} ERROR - Failed to import: /opt/airflow/dags/primeiradag.py
Traceback (most recent call last):
  File "/home/airflow/.local/lib/python3.7/site-packages/airflow/models/dagbag.py", line 339, in parse
    loader.exec_module(new_module)
  File "<frozen importlib._bootstrap_external>", line 728, in exec_module
  File "<frozen importlib._bootstrap>", line 219, in _call_with_frames_removed
  File "/opt/airflow/dags/primeiradag.py", line 7, in <module>
    schedule_interval=None, start_date=datetime(2024,17,1),
ValueError: month must be in 1..12
[2024-01-17T19:48:19.000+0000] {processor.py:755} WARNING - No viable dags retrieved from /opt/airflow/dags/primeiradag.py
[2024-01-17T19:48:19.023+0000] {processor.py:175} INFO - Processing /opt/airflow/dags/primeiradag.py took 0.031 seconds
[2024-01-17T19:48:24.069+0000] {processor.py:153} INFO - Started process (PID=74) to work on /opt/airflow/dags/primeiradag.py
[2024-01-17T19:48:24.078+0000] {processor.py:743} INFO - Processing file /opt/airflow/dags/primeiradag.py for tasks to queue
[2024-01-17T19:48:24.079+0000] {logging_mixin.py:137} INFO - [2024-01-17T19:48:24.079+0000] {dagbag.py:538} INFO - Filling up the DagBag from /opt/airflow/dags/primeiradag.py
[2024-01-17T19:48:24.086+0000] {logging_mixin.py:137} INFO - [2024-01-17T19:48:24.085+0000] {dagbag.py:343} ERROR - Failed to import: /opt/airflow/dags/primeiradag.py
Traceback (most recent call last):
  File "/home/airflow/.local/lib/python3.7/site-packages/airflow/models/dagbag.py", line 339, in parse
    loader.exec_module(new_module)
  File "<frozen importlib._bootstrap_external>", line 728, in exec_module
  File "<frozen importlib._bootstrap>", line 219, in _call_with_frames_removed
  File "/opt/airflow/dags/primeiradag.py", line 7, in <module>
    schedule_interval=None, start_date=datetime(2024,17,1),
ValueError: month must be in 1..12
[2024-01-17T19:48:24.086+0000] {processor.py:755} WARNING - No viable dags retrieved from /opt/airflow/dags/primeiradag.py
[2024-01-17T19:48:24.099+0000] {processor.py:175} INFO - Processing /opt/airflow/dags/primeiradag.py took 0.034 seconds
[2024-01-17T19:48:29.145+0000] {processor.py:153} INFO - Started process (PID=91) to work on /opt/airflow/dags/primeiradag.py
[2024-01-17T19:48:29.146+0000] {processor.py:743} INFO - Processing file /opt/airflow/dags/primeiradag.py for tasks to queue
[2024-01-17T19:48:29.146+0000] {logging_mixin.py:137} INFO - [2024-01-17T19:48:29.146+0000] {dagbag.py:538} INFO - Filling up the DagBag from /opt/airflow/dags/primeiradag.py
[2024-01-17T19:48:29.150+0000] {logging_mixin.py:137} INFO - [2024-01-17T19:48:29.149+0000] {dagbag.py:343} ERROR - Failed to import: /opt/airflow/dags/primeiradag.py
Traceback (most recent call last):
  File "/home/airflow/.local/lib/python3.7/site-packages/airflow/models/dagbag.py", line 339, in parse
    loader.exec_module(new_module)
  File "<frozen importlib._bootstrap_external>", line 728, in exec_module
  File "<frozen importlib._bootstrap>", line 219, in _call_with_frames_removed
  File "/opt/airflow/dags/primeiradag.py", line 7, in <module>
    schedule_interval=None, start_date=datetime(2024,17,1),
ValueError: month must be in 1..12
[2024-01-17T19:48:29.150+0000] {processor.py:755} WARNING - No viable dags retrieved from /opt/airflow/dags/primeiradag.py
[2024-01-17T19:48:29.163+0000] {processor.py:175} INFO - Processing /opt/airflow/dags/primeiradag.py took 0.023 seconds
[2024-01-17T19:48:34.197+0000] {processor.py:153} INFO - Started process (PID=92) to work on /opt/airflow/dags/primeiradag.py
[2024-01-17T19:48:34.197+0000] {processor.py:743} INFO - Processing file /opt/airflow/dags/primeiradag.py for tasks to queue
[2024-01-17T19:48:34.198+0000] {logging_mixin.py:137} INFO - [2024-01-17T19:48:34.198+0000] {dagbag.py:538} INFO - Filling up the DagBag from /opt/airflow/dags/primeiradag.py
[2024-01-17T19:48:34.202+0000] {logging_mixin.py:137} INFO - [2024-01-17T19:48:34.201+0000] {dagbag.py:343} ERROR - Failed to import: /opt/airflow/dags/primeiradag.py
Traceback (most recent call last):
  File "/home/airflow/.local/lib/python3.7/site-packages/airflow/models/dagbag.py", line 339, in parse
    loader.exec_module(new_module)
  File "<frozen importlib._bootstrap_external>", line 728, in exec_module
  File "<frozen importlib._bootstrap>", line 219, in _call_with_frames_removed
  File "/opt/airflow/dags/primeiradag.py", line 7, in <module>
    schedule_interval=None, start_date=datetime(2024,17,1),
ValueError: month must be in 1..12
[2024-01-17T19:48:34.202+0000] {processor.py:755} WARNING - No viable dags retrieved from /opt/airflow/dags/primeiradag.py
[2024-01-17T19:48:34.214+0000] {processor.py:175} INFO - Processing /opt/airflow/dags/primeiradag.py took 0.019 seconds
[2024-01-17T19:48:39.239+0000] {processor.py:153} INFO - Started process (PID=109) to work on /opt/airflow/dags/primeiradag.py
[2024-01-17T19:48:39.239+0000] {processor.py:743} INFO - Processing file /opt/airflow/dags/primeiradag.py for tasks to queue
[2024-01-17T19:48:39.240+0000] {logging_mixin.py:137} INFO - [2024-01-17T19:48:39.240+0000] {dagbag.py:538} INFO - Filling up the DagBag from /opt/airflow/dags/primeiradag.py
[2024-01-17T19:48:39.243+0000] {logging_mixin.py:137} INFO - [2024-01-17T19:48:39.242+0000] {dagbag.py:343} ERROR - Failed to import: /opt/airflow/dags/primeiradag.py
Traceback (most recent call last):
  File "/home/airflow/.local/lib/python3.7/site-packages/airflow/models/dagbag.py", line 339, in parse
    loader.exec_module(new_module)
  File "<frozen importlib._bootstrap_external>", line 728, in exec_module
  File "<frozen importlib._bootstrap>", line 219, in _call_with_frames_removed
  File "/opt/airflow/dags/primeiradag.py", line 7, in <module>
    schedule_interval=None, start_date=datetime(2024,17,1),
ValueError: month must be in 1..12
[2024-01-17T19:48:39.243+0000] {processor.py:755} WARNING - No viable dags retrieved from /opt/airflow/dags/primeiradag.py
[2024-01-17T19:48:39.255+0000] {processor.py:175} INFO - Processing /opt/airflow/dags/primeiradag.py took 0.018 seconds
[2024-01-17T19:48:44.283+0000] {processor.py:153} INFO - Started process (PID=110) to work on /opt/airflow/dags/primeiradag.py
[2024-01-17T19:48:44.284+0000] {processor.py:743} INFO - Processing file /opt/airflow/dags/primeiradag.py for tasks to queue
[2024-01-17T19:48:44.285+0000] {logging_mixin.py:137} INFO - [2024-01-17T19:48:44.284+0000] {dagbag.py:538} INFO - Filling up the DagBag from /opt/airflow/dags/primeiradag.py
[2024-01-17T19:48:44.290+0000] {logging_mixin.py:137} INFO - [2024-01-17T19:48:44.289+0000] {dagbag.py:343} ERROR - Failed to import: /opt/airflow/dags/primeiradag.py
Traceback (most recent call last):
  File "/home/airflow/.local/lib/python3.7/site-packages/airflow/models/dagbag.py", line 339, in parse
    loader.exec_module(new_module)
  File "<frozen importlib._bootstrap_external>", line 728, in exec_module
  File "<frozen importlib._bootstrap>", line 219, in _call_with_frames_removed
  File "/opt/airflow/dags/primeiradag.py", line 7, in <module>
    schedule_interval=None, start_date=datetime(2024,17,1),
ValueError: month must be in 1..12
[2024-01-17T19:48:44.290+0000] {processor.py:755} WARNING - No viable dags retrieved from /opt/airflow/dags/primeiradag.py
[2024-01-17T19:48:44.303+0000] {processor.py:175} INFO - Processing /opt/airflow/dags/primeiradag.py took 0.025 seconds
[2024-01-17T19:48:49.334+0000] {processor.py:153} INFO - Started process (PID=127) to work on /opt/airflow/dags/primeiradag.py
[2024-01-17T19:48:49.335+0000] {processor.py:743} INFO - Processing file /opt/airflow/dags/primeiradag.py for tasks to queue
[2024-01-17T19:48:49.335+0000] {logging_mixin.py:137} INFO - [2024-01-17T19:48:49.335+0000] {dagbag.py:538} INFO - Filling up the DagBag from /opt/airflow/dags/primeiradag.py
[2024-01-17T19:48:49.338+0000] {logging_mixin.py:137} INFO - [2024-01-17T19:48:49.338+0000] {dagbag.py:343} ERROR - Failed to import: /opt/airflow/dags/primeiradag.py
Traceback (most recent call last):
  File "/home/airflow/.local/lib/python3.7/site-packages/airflow/models/dagbag.py", line 339, in parse
    loader.exec_module(new_module)
  File "<frozen importlib._bootstrap_external>", line 728, in exec_module
  File "<frozen importlib._bootstrap>", line 219, in _call_with_frames_removed
  File "/opt/airflow/dags/primeiradag.py", line 7, in <module>
    schedule_interval=None, start_date=datetime(2024,17,1),
ValueError: month must be in 1..12
[2024-01-17T19:48:49.339+0000] {processor.py:755} WARNING - No viable dags retrieved from /opt/airflow/dags/primeiradag.py
[2024-01-17T19:48:49.358+0000] {processor.py:175} INFO - Processing /opt/airflow/dags/primeiradag.py took 0.026 seconds
[2024-01-17T19:48:54.414+0000] {processor.py:153} INFO - Started process (PID=128) to work on /opt/airflow/dags/primeiradag.py
[2024-01-17T19:48:54.415+0000] {processor.py:743} INFO - Processing file /opt/airflow/dags/primeiradag.py for tasks to queue
[2024-01-17T19:48:54.416+0000] {logging_mixin.py:137} INFO - [2024-01-17T19:48:54.416+0000] {dagbag.py:538} INFO - Filling up the DagBag from /opt/airflow/dags/primeiradag.py
[2024-01-17T19:48:54.423+0000] {logging_mixin.py:137} INFO - [2024-01-17T19:48:54.422+0000] {dagbag.py:343} ERROR - Failed to import: /opt/airflow/dags/primeiradag.py
Traceback (most recent call last):
  File "/home/airflow/.local/lib/python3.7/site-packages/airflow/models/dagbag.py", line 339, in parse
    loader.exec_module(new_module)
  File "<frozen importlib._bootstrap_external>", line 728, in exec_module
  File "<frozen importlib._bootstrap>", line 219, in _call_with_frames_removed
  File "/opt/airflow/dags/primeiradag.py", line 7, in <module>
    schedule_interval=None, start_date=datetime(2024,17,1),
ValueError: month must be in 1..12
[2024-01-17T19:48:54.423+0000] {processor.py:755} WARNING - No viable dags retrieved from /opt/airflow/dags/primeiradag.py
[2024-01-17T19:48:54.440+0000] {processor.py:175} INFO - Processing /opt/airflow/dags/primeiradag.py took 0.031 seconds
[2024-01-17T19:48:59.461+0000] {processor.py:153} INFO - Started process (PID=129) to work on /opt/airflow/dags/primeiradag.py
[2024-01-17T19:48:59.468+0000] {processor.py:743} INFO - Processing file /opt/airflow/dags/primeiradag.py for tasks to queue
[2024-01-17T19:48:59.469+0000] {logging_mixin.py:137} INFO - [2024-01-17T19:48:59.469+0000] {dagbag.py:538} INFO - Filling up the DagBag from /opt/airflow/dags/primeiradag.py
[2024-01-17T19:48:59.472+0000] {logging_mixin.py:137} INFO - [2024-01-17T19:48:59.472+0000] {dagbag.py:343} ERROR - Failed to import: /opt/airflow/dags/primeiradag.py
Traceback (most recent call last):
  File "/home/airflow/.local/lib/python3.7/site-packages/airflow/models/dagbag.py", line 339, in parse
    loader.exec_module(new_module)
  File "<frozen importlib._bootstrap_external>", line 728, in exec_module
  File "<frozen importlib._bootstrap>", line 219, in _call_with_frames_removed
  File "/opt/airflow/dags/primeiradag.py", line 7, in <module>
    schedule_interval=None, start_date=datetime(2024,17,1),
ValueError: month must be in 1..12
[2024-01-17T19:48:59.473+0000] {processor.py:755} WARNING - No viable dags retrieved from /opt/airflow/dags/primeiradag.py
[2024-01-17T19:48:59.491+0000] {processor.py:175} INFO - Processing /opt/airflow/dags/primeiradag.py took 0.032 seconds
[2024-01-17T19:49:04.533+0000] {processor.py:153} INFO - Started process (PID=146) to work on /opt/airflow/dags/primeiradag.py
[2024-01-17T19:49:04.535+0000] {processor.py:743} INFO - Processing file /opt/airflow/dags/primeiradag.py for tasks to queue
[2024-01-17T19:49:04.535+0000] {logging_mixin.py:137} INFO - [2024-01-17T19:49:04.535+0000] {dagbag.py:538} INFO - Filling up the DagBag from /opt/airflow/dags/primeiradag.py
[2024-01-17T19:49:04.539+0000] {logging_mixin.py:137} INFO - [2024-01-17T19:49:04.538+0000] {dagbag.py:343} ERROR - Failed to import: /opt/airflow/dags/primeiradag.py
Traceback (most recent call last):
  File "/home/airflow/.local/lib/python3.7/site-packages/airflow/models/dagbag.py", line 339, in parse
    loader.exec_module(new_module)
  File "<frozen importlib._bootstrap_external>", line 728, in exec_module
  File "<frozen importlib._bootstrap>", line 219, in _call_with_frames_removed
  File "/opt/airflow/dags/primeiradag.py", line 7, in <module>
    schedule_interval=None, start_date=datetime(2024,17,1),
ValueError: month must be in 1..12
[2024-01-17T19:49:04.539+0000] {processor.py:755} WARNING - No viable dags retrieved from /opt/airflow/dags/primeiradag.py
[2024-01-17T19:49:04.553+0000] {processor.py:175} INFO - Processing /opt/airflow/dags/primeiradag.py took 0.023 seconds
[2024-01-17T19:49:09.604+0000] {processor.py:153} INFO - Started process (PID=147) to work on /opt/airflow/dags/primeiradag.py
[2024-01-17T19:49:09.605+0000] {processor.py:743} INFO - Processing file /opt/airflow/dags/primeiradag.py for tasks to queue
[2024-01-17T19:49:09.606+0000] {logging_mixin.py:137} INFO - [2024-01-17T19:49:09.606+0000] {dagbag.py:538} INFO - Filling up the DagBag from /opt/airflow/dags/primeiradag.py
[2024-01-17T19:49:09.612+0000] {logging_mixin.py:137} INFO - [2024-01-17T19:49:09.612+0000] {dagbag.py:343} ERROR - Failed to import: /opt/airflow/dags/primeiradag.py
Traceback (most recent call last):
  File "/home/airflow/.local/lib/python3.7/site-packages/airflow/models/dagbag.py", line 339, in parse
    loader.exec_module(new_module)
  File "<frozen importlib._bootstrap_external>", line 728, in exec_module
  File "<frozen importlib._bootstrap>", line 219, in _call_with_frames_removed
  File "/opt/airflow/dags/primeiradag.py", line 7, in <module>
    schedule_interval=None, start_date=datetime(2024,17,1),
ValueError: month must be in 1..12
[2024-01-17T19:49:09.613+0000] {processor.py:755} WARNING - No viable dags retrieved from /opt/airflow/dags/primeiradag.py
[2024-01-17T19:49:09.626+0000] {processor.py:175} INFO - Processing /opt/airflow/dags/primeiradag.py took 0.027 seconds
[2024-01-17T19:49:11.611+0000] {processor.py:153} INFO - Started process (PID=148) to work on /opt/airflow/dags/primeiradag.py
[2024-01-17T19:49:11.611+0000] {processor.py:743} INFO - Processing file /opt/airflow/dags/primeiradag.py for tasks to queue
[2024-01-17T19:49:11.612+0000] {logging_mixin.py:137} INFO - [2024-01-17T19:49:11.612+0000] {dagbag.py:538} INFO - Filling up the DagBag from /opt/airflow/dags/primeiradag.py
[2024-01-17T19:49:11.630+0000] {processor.py:753} INFO - DAG(s) dict_keys(['primeira_dag']) retrieved from /opt/airflow/dags/primeiradag.py
[2024-01-17T19:49:11.750+0000] {logging_mixin.py:137} INFO - [2024-01-17T19:49:11.750+0000] {manager.py:504} INFO - Created Permission View: can read on DAG:primeira_dag
[2024-01-17T19:49:11.756+0000] {logging_mixin.py:137} INFO - [2024-01-17T19:49:11.756+0000] {manager.py:504} INFO - Created Permission View: can edit on DAG:primeira_dag
[2024-01-17T19:49:11.760+0000] {logging_mixin.py:137} INFO - [2024-01-17T19:49:11.760+0000] {manager.py:504} INFO - Created Permission View: can delete on DAG:primeira_dag
[2024-01-17T19:49:11.760+0000] {logging_mixin.py:137} INFO - [2024-01-17T19:49:11.760+0000] {dag.py:2690} INFO - Sync 1 DAGs
[2024-01-17T19:49:11.769+0000] {logging_mixin.py:137} INFO - [2024-01-17T19:49:11.769+0000] {dag.py:2711} INFO - Creating ORM DAG for primeira_dag
[2024-01-17T19:49:11.776+0000] {logging_mixin.py:137} INFO - [2024-01-17T19:49:11.775+0000] {dag.py:3441} INFO - Setting next_dagrun for primeira_dag to None, run_after=None
[2024-01-17T19:49:11.787+0000] {processor.py:175} INFO - Processing /opt/airflow/dags/primeiradag.py took 0.179 seconds
[2024-01-17T19:49:16.833+0000] {processor.py:153} INFO - Started process (PID=165) to work on /opt/airflow/dags/primeiradag.py
[2024-01-17T19:49:16.841+0000] {processor.py:743} INFO - Processing file /opt/airflow/dags/primeiradag.py for tasks to queue
[2024-01-17T19:49:16.842+0000] {logging_mixin.py:137} INFO - [2024-01-17T19:49:16.842+0000] {dagbag.py:538} INFO - Filling up the DagBag from /opt/airflow/dags/primeiradag.py
[2024-01-17T19:49:16.857+0000] {processor.py:753} INFO - DAG(s) dict_keys(['primeira_dag']) retrieved from /opt/airflow/dags/primeiradag.py
[2024-01-17T19:49:16.865+0000] {logging_mixin.py:137} INFO - [2024-01-17T19:49:16.865+0000] {dag.py:2690} INFO - Sync 1 DAGs
[2024-01-17T19:49:16.880+0000] {logging_mixin.py:137} INFO - [2024-01-17T19:49:16.880+0000] {dag.py:3441} INFO - Setting next_dagrun for primeira_dag to None, run_after=None
[2024-01-17T19:49:16.892+0000] {processor.py:175} INFO - Processing /opt/airflow/dags/primeiradag.py took 0.065 seconds
[2024-01-17T19:50:10.655+0000] {processor.py:153} INFO - Started process (PID=37) to work on /opt/airflow/dags/primeiradag.py
[2024-01-17T19:50:10.655+0000] {processor.py:743} INFO - Processing file /opt/airflow/dags/primeiradag.py for tasks to queue
[2024-01-17T19:50:10.656+0000] {logging_mixin.py:137} INFO - [2024-01-17T19:50:10.656+0000] {dagbag.py:538} INFO - Filling up the DagBag from /opt/airflow/dags/primeiradag.py
[2024-01-17T19:50:10.682+0000] {processor.py:753} INFO - DAG(s) dict_keys(['primeira_dag']) retrieved from /opt/airflow/dags/primeiradag.py
[2024-01-17T19:50:10.743+0000] {logging_mixin.py:137} INFO - [2024-01-17T19:50:10.742+0000] {dag.py:2690} INFO - Sync 1 DAGs
[2024-01-17T19:50:10.761+0000] {logging_mixin.py:137} INFO - [2024-01-17T19:50:10.760+0000] {dag.py:3441} INFO - Setting next_dagrun for primeira_dag to None, run_after=None
[2024-01-17T19:50:10.782+0000] {processor.py:175} INFO - Processing /opt/airflow/dags/primeiradag.py took 0.129 seconds
[2024-01-17T19:50:15.816+0000] {processor.py:153} INFO - Started process (PID=54) to work on /opt/airflow/dags/primeiradag.py
[2024-01-17T19:50:15.817+0000] {processor.py:743} INFO - Processing file /opt/airflow/dags/primeiradag.py for tasks to queue
[2024-01-17T19:50:15.818+0000] {logging_mixin.py:137} INFO - [2024-01-17T19:50:15.817+0000] {dagbag.py:538} INFO - Filling up the DagBag from /opt/airflow/dags/primeiradag.py
[2024-01-17T19:50:15.833+0000] {processor.py:753} INFO - DAG(s) dict_keys(['primeira_dag']) retrieved from /opt/airflow/dags/primeiradag.py
[2024-01-17T19:50:15.840+0000] {logging_mixin.py:137} INFO - [2024-01-17T19:50:15.840+0000] {dag.py:2690} INFO - Sync 1 DAGs
[2024-01-17T19:50:15.857+0000] {logging_mixin.py:137} INFO - [2024-01-17T19:50:15.856+0000] {dag.py:3441} INFO - Setting next_dagrun for primeira_dag to None, run_after=None
[2024-01-17T19:50:15.870+0000] {processor.py:175} INFO - Processing /opt/airflow/dags/primeiradag.py took 0.055 seconds
[2024-01-17T19:50:20.920+0000] {processor.py:153} INFO - Started process (PID=55) to work on /opt/airflow/dags/primeiradag.py
[2024-01-17T19:50:20.928+0000] {processor.py:743} INFO - Processing file /opt/airflow/dags/primeiradag.py for tasks to queue
[2024-01-17T19:50:20.929+0000] {logging_mixin.py:137} INFO - [2024-01-17T19:50:20.929+0000] {dagbag.py:538} INFO - Filling up the DagBag from /opt/airflow/dags/primeiradag.py
[2024-01-17T19:50:20.945+0000] {processor.py:753} INFO - DAG(s) dict_keys(['primeira_dag']) retrieved from /opt/airflow/dags/primeiradag.py
[2024-01-17T19:50:20.953+0000] {logging_mixin.py:137} INFO - [2024-01-17T19:50:20.953+0000] {dag.py:2690} INFO - Sync 1 DAGs
[2024-01-17T19:50:20.968+0000] {logging_mixin.py:137} INFO - [2024-01-17T19:50:20.968+0000] {dag.py:3441} INFO - Setting next_dagrun for primeira_dag to None, run_after=None
[2024-01-17T19:50:20.979+0000] {processor.py:175} INFO - Processing /opt/airflow/dags/primeiradag.py took 0.064 seconds
[2024-01-17T19:50:26.014+0000] {processor.py:153} INFO - Started process (PID=65) to work on /opt/airflow/dags/primeiradag.py
[2024-01-17T19:50:26.017+0000] {processor.py:743} INFO - Processing file /opt/airflow/dags/primeiradag.py for tasks to queue
[2024-01-17T19:50:26.018+0000] {logging_mixin.py:137} INFO - [2024-01-17T19:50:26.017+0000] {dagbag.py:538} INFO - Filling up the DagBag from /opt/airflow/dags/primeiradag.py
[2024-01-17T19:50:26.030+0000] {processor.py:753} INFO - DAG(s) dict_keys(['primeira_dag']) retrieved from /opt/airflow/dags/primeiradag.py
[2024-01-17T19:50:26.043+0000] {logging_mixin.py:137} INFO - [2024-01-17T19:50:26.043+0000] {dag.py:2690} INFO - Sync 1 DAGs
[2024-01-17T19:50:26.070+0000] {logging_mixin.py:137} INFO - [2024-01-17T19:50:26.070+0000] {dag.py:3441} INFO - Setting next_dagrun for primeira_dag to None, run_after=None
[2024-01-17T19:50:26.089+0000] {processor.py:175} INFO - Processing /opt/airflow/dags/primeiradag.py took 0.077 seconds
[2024-01-17T19:50:31.138+0000] {processor.py:153} INFO - Started process (PID=73) to work on /opt/airflow/dags/primeiradag.py
[2024-01-17T19:50:31.146+0000] {processor.py:743} INFO - Processing file /opt/airflow/dags/primeiradag.py for tasks to queue
[2024-01-17T19:50:31.146+0000] {logging_mixin.py:137} INFO - [2024-01-17T19:50:31.146+0000] {dagbag.py:538} INFO - Filling up the DagBag from /opt/airflow/dags/primeiradag.py
[2024-01-17T19:50:31.157+0000] {processor.py:753} INFO - DAG(s) dict_keys(['primeira_dag']) retrieved from /opt/airflow/dags/primeiradag.py
[2024-01-17T19:50:31.165+0000] {logging_mixin.py:137} INFO - [2024-01-17T19:50:31.165+0000] {dag.py:2690} INFO - Sync 1 DAGs
[2024-01-17T19:50:31.182+0000] {logging_mixin.py:137} INFO - [2024-01-17T19:50:31.182+0000] {dag.py:3441} INFO - Setting next_dagrun for primeira_dag to None, run_after=None
[2024-01-17T19:50:31.194+0000] {processor.py:175} INFO - Processing /opt/airflow/dags/primeiradag.py took 0.060 seconds
[2024-01-17T19:50:36.230+0000] {processor.py:153} INFO - Started process (PID=74) to work on /opt/airflow/dags/primeiradag.py
[2024-01-17T19:50:36.237+0000] {processor.py:743} INFO - Processing file /opt/airflow/dags/primeiradag.py for tasks to queue
[2024-01-17T19:50:36.238+0000] {logging_mixin.py:137} INFO - [2024-01-17T19:50:36.238+0000] {dagbag.py:538} INFO - Filling up the DagBag from /opt/airflow/dags/primeiradag.py
[2024-01-17T19:50:36.248+0000] {processor.py:753} INFO - DAG(s) dict_keys(['primeira_dag']) retrieved from /opt/airflow/dags/primeiradag.py
[2024-01-17T19:50:36.257+0000] {logging_mixin.py:137} INFO - [2024-01-17T19:50:36.257+0000] {dag.py:2690} INFO - Sync 1 DAGs
[2024-01-17T19:50:36.274+0000] {logging_mixin.py:137} INFO - [2024-01-17T19:50:36.274+0000] {dag.py:3441} INFO - Setting next_dagrun for primeira_dag to None, run_after=None
[2024-01-17T19:50:36.285+0000] {processor.py:175} INFO - Processing /opt/airflow/dags/primeiradag.py took 0.057 seconds
[2024-01-17T19:50:41.331+0000] {processor.py:153} INFO - Started process (PID=91) to work on /opt/airflow/dags/primeiradag.py
[2024-01-17T19:50:41.332+0000] {processor.py:743} INFO - Processing file /opt/airflow/dags/primeiradag.py for tasks to queue
[2024-01-17T19:50:41.333+0000] {logging_mixin.py:137} INFO - [2024-01-17T19:50:41.333+0000] {dagbag.py:538} INFO - Filling up the DagBag from /opt/airflow/dags/primeiradag.py
[2024-01-17T19:50:41.343+0000] {processor.py:753} INFO - DAG(s) dict_keys(['primeira_dag']) retrieved from /opt/airflow/dags/primeiradag.py
[2024-01-17T19:50:41.358+0000] {logging_mixin.py:137} INFO - [2024-01-17T19:50:41.357+0000] {dag.py:2690} INFO - Sync 1 DAGs
[2024-01-17T19:50:41.372+0000] {logging_mixin.py:137} INFO - [2024-01-17T19:50:41.372+0000] {dag.py:3441} INFO - Setting next_dagrun for primeira_dag to None, run_after=None
[2024-01-17T19:50:41.384+0000] {processor.py:175} INFO - Processing /opt/airflow/dags/primeiradag.py took 0.061 seconds
[2024-01-17T19:50:46.429+0000] {processor.py:153} INFO - Started process (PID=92) to work on /opt/airflow/dags/primeiradag.py
[2024-01-17T19:50:46.437+0000] {processor.py:743} INFO - Processing file /opt/airflow/dags/primeiradag.py for tasks to queue
[2024-01-17T19:50:46.438+0000] {logging_mixin.py:137} INFO - [2024-01-17T19:50:46.438+0000] {dagbag.py:538} INFO - Filling up the DagBag from /opt/airflow/dags/primeiradag.py
[2024-01-17T19:50:46.453+0000] {processor.py:753} INFO - DAG(s) dict_keys(['primeira_dag']) retrieved from /opt/airflow/dags/primeiradag.py
[2024-01-17T19:50:46.467+0000] {logging_mixin.py:137} INFO - [2024-01-17T19:50:46.467+0000] {dag.py:2690} INFO - Sync 1 DAGs
[2024-01-17T19:50:46.489+0000] {logging_mixin.py:137} INFO - [2024-01-17T19:50:46.489+0000] {dag.py:3441} INFO - Setting next_dagrun for primeira_dag to None, run_after=None
[2024-01-17T19:50:46.502+0000] {processor.py:175} INFO - Processing /opt/airflow/dags/primeiradag.py took 0.077 seconds
[2024-01-17T19:50:51.543+0000] {processor.py:153} INFO - Started process (PID=108) to work on /opt/airflow/dags/primeiradag.py
[2024-01-17T19:50:51.545+0000] {processor.py:743} INFO - Processing file /opt/airflow/dags/primeiradag.py for tasks to queue
[2024-01-17T19:50:51.546+0000] {logging_mixin.py:137} INFO - [2024-01-17T19:50:51.546+0000] {dagbag.py:538} INFO - Filling up the DagBag from /opt/airflow/dags/primeiradag.py
[2024-01-17T19:50:51.559+0000] {processor.py:753} INFO - DAG(s) dict_keys(['primeira_dag']) retrieved from /opt/airflow/dags/primeiradag.py
[2024-01-17T19:50:51.575+0000] {logging_mixin.py:137} INFO - [2024-01-17T19:50:51.574+0000] {dag.py:2690} INFO - Sync 1 DAGs
[2024-01-17T19:50:51.589+0000] {logging_mixin.py:137} INFO - [2024-01-17T19:50:51.589+0000] {dag.py:3441} INFO - Setting next_dagrun for primeira_dag to None, run_after=None
[2024-01-17T19:50:51.600+0000] {processor.py:175} INFO - Processing /opt/airflow/dags/primeiradag.py took 0.062 seconds
[2024-01-17T19:50:56.638+0000] {processor.py:153} INFO - Started process (PID=109) to work on /opt/airflow/dags/primeiradag.py
[2024-01-17T19:50:56.640+0000] {processor.py:743} INFO - Processing file /opt/airflow/dags/primeiradag.py for tasks to queue
[2024-01-17T19:50:56.640+0000] {logging_mixin.py:137} INFO - [2024-01-17T19:50:56.640+0000] {dagbag.py:538} INFO - Filling up the DagBag from /opt/airflow/dags/primeiradag.py
[2024-01-17T19:50:56.651+0000] {processor.py:753} INFO - DAG(s) dict_keys(['primeira_dag']) retrieved from /opt/airflow/dags/primeiradag.py
[2024-01-17T19:50:56.667+0000] {logging_mixin.py:137} INFO - [2024-01-17T19:50:56.667+0000] {dag.py:2690} INFO - Sync 1 DAGs
[2024-01-17T19:50:56.683+0000] {logging_mixin.py:137} INFO - [2024-01-17T19:50:56.683+0000] {dag.py:3441} INFO - Setting next_dagrun for primeira_dag to None, run_after=None
[2024-01-17T19:50:56.694+0000] {processor.py:175} INFO - Processing /opt/airflow/dags/primeiradag.py took 0.059 seconds
[2024-01-17T19:51:01.728+0000] {processor.py:153} INFO - Started process (PID=119) to work on /opt/airflow/dags/primeiradag.py
[2024-01-17T19:51:01.729+0000] {processor.py:743} INFO - Processing file /opt/airflow/dags/primeiradag.py for tasks to queue
[2024-01-17T19:51:01.729+0000] {logging_mixin.py:137} INFO - [2024-01-17T19:51:01.729+0000] {dagbag.py:538} INFO - Filling up the DagBag from /opt/airflow/dags/primeiradag.py
[2024-01-17T19:51:01.740+0000] {processor.py:753} INFO - DAG(s) dict_keys(['primeira_dag']) retrieved from /opt/airflow/dags/primeiradag.py
[2024-01-17T19:51:01.755+0000] {logging_mixin.py:137} INFO - [2024-01-17T19:51:01.755+0000] {dag.py:2690} INFO - Sync 1 DAGs
[2024-01-17T19:51:01.775+0000] {logging_mixin.py:137} INFO - [2024-01-17T19:51:01.775+0000] {dag.py:3441} INFO - Setting next_dagrun for primeira_dag to None, run_after=None
[2024-01-17T19:51:01.789+0000] {processor.py:175} INFO - Processing /opt/airflow/dags/primeiradag.py took 0.062 seconds
[2024-01-17T19:51:06.832+0000] {processor.py:153} INFO - Started process (PID=127) to work on /opt/airflow/dags/primeiradag.py
[2024-01-17T19:51:06.834+0000] {processor.py:743} INFO - Processing file /opt/airflow/dags/primeiradag.py for tasks to queue
[2024-01-17T19:51:06.834+0000] {logging_mixin.py:137} INFO - [2024-01-17T19:51:06.834+0000] {dagbag.py:538} INFO - Filling up the DagBag from /opt/airflow/dags/primeiradag.py
[2024-01-17T19:51:06.848+0000] {processor.py:753} INFO - DAG(s) dict_keys(['primeira_dag']) retrieved from /opt/airflow/dags/primeiradag.py
[2024-01-17T19:51:06.864+0000] {logging_mixin.py:137} INFO - [2024-01-17T19:51:06.864+0000] {dag.py:2690} INFO - Sync 1 DAGs
[2024-01-17T19:51:06.881+0000] {logging_mixin.py:137} INFO - [2024-01-17T19:51:06.881+0000] {dag.py:3441} INFO - Setting next_dagrun for primeira_dag to None, run_after=None
[2024-01-17T19:51:06.894+0000] {processor.py:175} INFO - Processing /opt/airflow/dags/primeiradag.py took 0.065 seconds
[2024-01-17T19:51:11.931+0000] {processor.py:153} INFO - Started process (PID=128) to work on /opt/airflow/dags/primeiradag.py
[2024-01-17T19:51:11.932+0000] {processor.py:743} INFO - Processing file /opt/airflow/dags/primeiradag.py for tasks to queue
[2024-01-17T19:51:11.932+0000] {logging_mixin.py:137} INFO - [2024-01-17T19:51:11.932+0000] {dagbag.py:538} INFO - Filling up the DagBag from /opt/airflow/dags/primeiradag.py
[2024-01-17T19:51:11.942+0000] {processor.py:753} INFO - DAG(s) dict_keys(['primeira_dag']) retrieved from /opt/airflow/dags/primeiradag.py
[2024-01-17T19:51:11.958+0000] {logging_mixin.py:137} INFO - [2024-01-17T19:51:11.958+0000] {dag.py:2690} INFO - Sync 1 DAGs
[2024-01-17T19:51:11.976+0000] {logging_mixin.py:137} INFO - [2024-01-17T19:51:11.976+0000] {dag.py:3441} INFO - Setting next_dagrun for primeira_dag to None, run_after=None
[2024-01-17T19:51:11.990+0000] {processor.py:175} INFO - Processing /opt/airflow/dags/primeiradag.py took 0.061 seconds
[2024-01-17T19:51:17.032+0000] {processor.py:153} INFO - Started process (PID=145) to work on /opt/airflow/dags/primeiradag.py
[2024-01-17T19:51:17.032+0000] {processor.py:743} INFO - Processing file /opt/airflow/dags/primeiradag.py for tasks to queue
[2024-01-17T19:51:17.033+0000] {logging_mixin.py:137} INFO - [2024-01-17T19:51:17.033+0000] {dagbag.py:538} INFO - Filling up the DagBag from /opt/airflow/dags/primeiradag.py
[2024-01-17T19:51:17.046+0000] {processor.py:753} INFO - DAG(s) dict_keys(['primeira_dag']) retrieved from /opt/airflow/dags/primeiradag.py
[2024-01-17T19:51:17.063+0000] {logging_mixin.py:137} INFO - [2024-01-17T19:51:17.063+0000] {dag.py:2690} INFO - Sync 1 DAGs
[2024-01-17T19:51:17.080+0000] {logging_mixin.py:137} INFO - [2024-01-17T19:51:17.079+0000] {dag.py:3441} INFO - Setting next_dagrun for primeira_dag to None, run_after=None
[2024-01-17T19:51:17.092+0000] {processor.py:175} INFO - Processing /opt/airflow/dags/primeiradag.py took 0.064 seconds
[2024-01-17T19:51:22.137+0000] {processor.py:153} INFO - Started process (PID=146) to work on /opt/airflow/dags/primeiradag.py
[2024-01-17T19:51:22.138+0000] {processor.py:743} INFO - Processing file /opt/airflow/dags/primeiradag.py for tasks to queue
[2024-01-17T19:51:22.139+0000] {logging_mixin.py:137} INFO - [2024-01-17T19:51:22.138+0000] {dagbag.py:538} INFO - Filling up the DagBag from /opt/airflow/dags/primeiradag.py
[2024-01-17T19:51:22.150+0000] {processor.py:753} INFO - DAG(s) dict_keys(['primeira_dag']) retrieved from /opt/airflow/dags/primeiradag.py
[2024-01-17T19:51:22.166+0000] {logging_mixin.py:137} INFO - [2024-01-17T19:51:22.166+0000] {dag.py:2690} INFO - Sync 1 DAGs
[2024-01-17T19:51:22.185+0000] {logging_mixin.py:137} INFO - [2024-01-17T19:51:22.185+0000] {dag.py:3441} INFO - Setting next_dagrun for primeira_dag to None, run_after=None
[2024-01-17T19:51:22.199+0000] {processor.py:175} INFO - Processing /opt/airflow/dags/primeiradag.py took 0.066 seconds
