[2024-01-17T19:50:50.508+0000] {taskinstance.py:1083} INFO - Dependencies all met for <TaskInstance: primeira_dag.tsk2 manual__2024-01-17T19:50:43.833721+00:00 [queued]>
[2024-01-17T19:50:50.515+0000] {taskinstance.py:1083} INFO - Dependencies all met for <TaskInstance: primeira_dag.tsk2 manual__2024-01-17T19:50:43.833721+00:00 [queued]>
[2024-01-17T19:50:50.515+0000] {taskinstance.py:1279} INFO - 
--------------------------------------------------------------------------------
[2024-01-17T19:50:50.515+0000] {taskinstance.py:1280} INFO - Starting attempt 1 of 1
[2024-01-17T19:50:50.515+0000] {taskinstance.py:1281} INFO - 
--------------------------------------------------------------------------------
[2024-01-17T19:50:50.527+0000] {taskinstance.py:1300} INFO - Executing <Task(BashOperator): tsk2> on 2024-01-17 19:50:43.833721+00:00
[2024-01-17T19:50:50.534+0000] {standard_task_runner.py:55} INFO - Started process 123 to run task
[2024-01-17T19:50:50.536+0000] {standard_task_runner.py:82} INFO - Running: ['***', 'tasks', 'run', 'primeira_dag', 'tsk2', 'manual__2024-01-17T19:50:43.833721+00:00', '--job-id', '10', '--raw', '--subdir', 'DAGS_FOLDER/primeiradag.py', '--cfg-path', '/tmp/tmpihv2u0q9']
[2024-01-17T19:50:50.536+0000] {standard_task_runner.py:83} INFO - Job 10: Subtask tsk2
[2024-01-17T19:50:50.586+0000] {task_command.py:388} INFO - Running <TaskInstance: primeira_dag.tsk2 manual__2024-01-17T19:50:43.833721+00:00 [running]> on host 3421f78f23f2
[2024-01-17T19:50:50.655+0000] {taskinstance.py:1509} INFO - Exporting the following env vars:
AIRFLOW_CTX_DAG_OWNER=***
AIRFLOW_CTX_DAG_ID=primeira_dag
AIRFLOW_CTX_TASK_ID=tsk2
AIRFLOW_CTX_EXECUTION_DATE=2024-01-17T19:50:43.833721+00:00
AIRFLOW_CTX_TRY_NUMBER=1
AIRFLOW_CTX_DAG_RUN_ID=manual__2024-01-17T19:50:43.833721+00:00
[2024-01-17T19:50:50.656+0000] {subprocess.py:63} INFO - Tmp dir root location: 
 /tmp
[2024-01-17T19:50:50.656+0000] {subprocess.py:75} INFO - Running command: ['/bin/bash', '-c', 'sleep 5']
[2024-01-17T19:50:50.670+0000] {subprocess.py:86} INFO - Output:
[2024-01-17T19:50:55.673+0000] {subprocess.py:97} INFO - Command exited with return code 0
[2024-01-17T19:50:55.718+0000] {taskinstance.py:1323} INFO - Marking task as SUCCESS. dag_id=primeira_dag, task_id=tsk2, execution_date=20240117T195043, start_date=20240117T195050, end_date=20240117T195055
[2024-01-17T19:50:55.754+0000] {local_task_job.py:208} INFO - Task exited with return code 0
[2024-01-17T19:50:55.768+0000] {taskinstance.py:2578} INFO - 0 downstream tasks scheduled from follow-on schedule check
